<?xml version="1.0" encoding="UTF-8"?>
<testsuites name="Func_EditClass" time="41" tests="1" failures="0" errors="0">
   <testsuite name="Func_EditClass" tests="1" failures="0" errors="0" time="41" timestamp="2019-04-10 14:01:04" hostname="admin - DESKTOP-S4I8ESH" id="Test Suites/Func_EditClass">
      <properties>
         <property name="deviceName" value=""/>
         <property name="devicePlatform" value=""/>
         <property name="logFolder" value="C:\\Users\\admin\\Katalon Studio\\Katalon_BuiDucAnh\\Reports\\Func_EditClass\\20190410_140052"/>
         <property name="logFiles" value="C:\\Users\\admin\\Katalon Studio\\Katalon_BuiDucAnh\\Reports\\Func_EditClass\\20190410_140052\\execution0.log"/>
         <property name="attachments" value=""/>
         <property name="hostName" value="admin - DESKTOP-S4I8ESH"/>
         <property name="os" value="Windows 10 64bit"/>
         <property name="katalonVersion" value="6.1.0.1"/>
         <property name="browser" value="Chrome 73.0.3683.103"/>
         <property name="hostAddress" value="192.168.189.1"/>
         <property name="sessionId" value="78c76a2ea7c93126b630873a14700c98"/>
         <property name="seleniumVersion" value="3.7.1"/>
         <property name="proxyInformation" value="ProxyInformation{proxyOption=NO_PROXY, proxyServerType=HTTP, password=, proxyServerAddress=, proxyServerPort=0}"/>
         <property name="platform" value="Windows 10"/>
      </properties>
      <testcase name="Test Cases/Func_EditClass/EditClass_Name" classname="Test Cases/Func_EditClass/EditClass_Name" status="PASSED">
         <system-out><![CDATA[2019-04-10 14:01:06 - [TEST_CASE][PASSED] - Test Cases/Func_EditClass/EditClass_Name: Test Cases/Func_EditClass/EditClass_Name

2019-04-10 14:01:09 - [TEST_STEP][PASSED] - openBrowser(""): Browser is opened with url: ''

2019-04-10 14:01:11 - [MESSAGE][INFO] - Starting 'Chrome' driver

2019-04-10 14:01:11 - [MESSAGE][INFO] - Action delay is set to 0 seconds

2019-04-10 14:01:18 - [MESSAGE][PASSED] - Browser is opened with url: ''

2019-04-10 14:01:18 - [TEST_STEP][PASSED] - navigateToUrl("https://hoclieu.sachmem.vn/folder/0"): Navigate to 'https://hoclieu.sachmem.vn/folder/0' successfully

2019-04-10 14:01:21 - [MESSAGE][PASSED] - Navigate to 'https://hoclieu.sachmem.vn/folder/0' successfully

2019-04-10 14:01:21 - [TEST_STEP][PASSED] - delay(1): Delayed 1 second(s)

2019-04-10 14:01:22 - [MESSAGE][PASSED] - Delayed 1 second(s)

2019-04-10 14:01:22 - [TEST_STEP][PASSED] - click(findTestObject("Login/Page_Hc liu - Sch Mm/a_ng nhp")): Object: 'Object Repository/Login/Page_Hc liu - Sch Mm/a_ng nhp' is clicked on

2019-04-10 14:01:27 - [MESSAGE][PASSED] - Object: 'Object Repository/Login/Page_Hc liu - Sch Mm/a_ng nhp' is clicked on

2019-04-10 14:01:27 - [TEST_STEP][PASSED] - setText(findTestObject("Object Repository/Login/Page_ng nhp  Sch Mm/input_a ch email_useremail"), "hwngvux98@gmail.com"): Text 'hwngvux98@gmail.com' is set on object 'Object Repository/Login/Page_ng nhp  Sch Mm/input_a ch email_useremail'

2019-04-10 14:01:29 - [MESSAGE][PASSED] - Text 'hwngvux98@gmail.com' is set on object 'Object Repository/Login/Page_ng nhp  Sch Mm/input_a ch email_useremail'

2019-04-10 14:01:29 - [TEST_STEP][PASSED] - setEncryptedText(findTestObject("Object Repository/Login/Page_ng nhp  Sch Mm/input_Mt khu_userpassword"), "EjEDdN6o7pTQoul/MO4YbQ=="): Text ****** has been set on object 'Object Repository/Login/Page_ng nhp  Sch Mm/input_Mt khu_userpassword'

2019-04-10 14:01:30 - [MESSAGE][PASSED] - Text ****** has been set on object 'Object Repository/Login/Page_ng nhp  Sch Mm/input_Mt khu_userpassword'

2019-04-10 14:01:30 - [TEST_STEP][PASSED] - click(findTestObject("Object Repository/Login/Page_ng nhp  Sch Mm/input_Qun mt khu_commit")): Object: 'Object Repository/Login/Page_ng nhp  Sch Mm/input_Qun mt khu_commit' is clicked on

2019-04-10 14:01:33 - [MESSAGE][PASSED] - Object: 'Object Repository/Login/Page_ng nhp  Sch Mm/input_Qun mt khu_commit' is clicked on

2019-04-10 14:01:33 - [TEST_STEP][PASSED] - click(findTestObject("Login/Page_Hc liu - Sch Mm/a_Lp hc ca ti")): Object: 'Object Repository/Login/Page_Hc liu - Sch Mm/a_Lp hc ca ti' is clicked on

2019-04-10 14:01:35 - [MESSAGE][PASSED] - Object: 'Object Repository/Login/Page_Hc liu - Sch Mm/a_Lp hc ca ti' is clicked on

2019-04-10 14:01:35 - [TEST_STEP][PASSED] - delay(3): Delayed 3 second(s)

2019-04-10 14:01:38 - [MESSAGE][PASSED] - Delayed 3 second(s)

2019-04-10 14:01:38 - [TEST_STEP][PASSED] - click(findTestObject("EditClass/EditClass_DropDown")): Object: 'Object Repository/EditClass/EditClass_DropDown' is clicked on

2019-04-10 14:01:38 - [MESSAGE][PASSED] - Object: 'Object Repository/EditClass/EditClass_DropDown' is clicked on

2019-04-10 14:01:38 - [TEST_STEP][PASSED] - delay(1): Delayed 1 second(s)

2019-04-10 14:01:39 - [MESSAGE][PASSED] - Delayed 1 second(s)

2019-04-10 14:01:39 - [TEST_STEP][PASSED] - click(findTestObject("EditClass/EditClass_Menu")): Object: 'Object Repository/EditClass/EditClass_Menu' is clicked on

2019-04-10 14:01:39 - [MESSAGE][PASSED] - Object: 'Object Repository/EditClass/EditClass_Menu' is clicked on

2019-04-10 14:01:39 - [TEST_STEP][PASSED] - delay(1): Delayed 1 second(s)

2019-04-10 14:01:40 - [MESSAGE][PASSED] - Delayed 1 second(s)

2019-04-10 14:01:40 - [TEST_STEP][PASSED] - setText(findTestObject("EditClass/EditClass_NameInput"), "Changed Name Again"): Text 'Changed Name Again' is set on object 'Object Repository/EditClass/EditClass_NameInput'

2019-04-10 14:01:41 - [MESSAGE][PASSED] - Text 'Changed Name Again' is set on object 'Object Repository/EditClass/EditClass_NameInput'

2019-04-10 14:01:41 - [TEST_STEP][PASSED] - delay(1): Delayed 1 second(s)

2019-04-10 14:01:42 - [MESSAGE][PASSED] - Delayed 1 second(s)

2019-04-10 14:01:42 - [TEST_STEP][PASSED] - setText(findTestObject("EditClass/EditClass_DesInput"), "!@#@$%^&*()_JAJS ASJd wq"): Text '!@#@$%^&*()_JAJS ASJd wq' is set on object 'Object Repository/EditClass/EditClass_DesInput'

2019-04-10 14:01:42 - [MESSAGE][PASSED] - Text '!@#@$%^&*()_JAJS ASJd wq' is set on object 'Object Repository/EditClass/EditClass_DesInput'

2019-04-10 14:01:42 - [TEST_STEP][PASSED] - delay(1): Delayed 1 second(s)

2019-04-10 14:01:43 - [MESSAGE][PASSED] - Delayed 1 second(s)

2019-04-10 14:01:43 - [TEST_STEP][PASSED] - click(findTestObject("EditClass/EditClass_Confirm")): Object: 'Object Repository/EditClass/EditClass_Confirm' is clicked on

2019-04-10 14:01:44 - [MESSAGE][PASSED] - Object: 'Object Repository/EditClass/EditClass_Confirm' is clicked on

2019-04-10 14:01:44 - [TEST_STEP][PASSED] - waitForElementVisible(findTestObject("CreateClass/Error/Error_Duplicate"), 0): Object 'Object Repository/CreateClass/Error/Error_Duplicate' is visible

2019-04-10 14:01:44 - [MESSAGE][WARNING] - Timeout '0' is invalid. Using default page load timeout: '30'

2019-04-10 14:01:44 - [MESSAGE][PASSED] - Object 'Object Repository/CreateClass/Error/Error_Duplicate' is visible]]></system-out>
         <system-err><![CDATA[]]></system-err>
      </testcase>
      <system-out><![CDATA[2019-04-10 14:01:04 - [TEST_SUITE][PASSED] - Func_EditClass: Test Cases/Func_EditClass/EditClass_Name]]></system-out>
      <system-err><![CDATA[]]></system-err>
   </testsuite>
</testsuites>
