<?xml version="1.0" encoding="UTF-8"?>
<testsuites name="Func_CreateClass" time="130" tests="6" failures="0" errors="0">
   <testsuite name="Func_CreateClass" tests="6" failures="0" errors="0" time="130" timestamp="2019-04-10 14:01:02" hostname="admin - DESKTOP-S4I8ESH" id="Test Suites/Func_CreateClass">
      <properties>
         <property name="deviceName" value=""/>
         <property name="devicePlatform" value=""/>
         <property name="logFolder" value="C:\\Users\\admin\\Katalon Studio\\Katalon_BuiDucAnh\\Reports\\Func_CreateClass\\20190410_140046"/>
         <property name="logFiles" value="C:\\Users\\admin\\Katalon Studio\\Katalon_BuiDucAnh\\Reports\\Func_CreateClass\\20190410_140046\\execution0.log"/>
         <property name="attachments" value=""/>
         <property name="hostName" value="admin - DESKTOP-S4I8ESH"/>
         <property name="os" value="Windows 10 64bit"/>
         <property name="katalonVersion" value="6.1.0.1"/>
         <property name="browser" value="Chrome 73.0.3683.103"/>
         <property name="hostAddress" value="192.168.189.1"/>
         <property name="sessionId" value="bfcf05d8667a2f819b5adde72eff6773"/>
         <property name="seleniumVersion" value="3.7.1"/>
         <property name="proxyInformation" value="ProxyInformation{proxyOption=NO_PROXY, proxyServerType=HTTP, password=, proxyServerAddress=, proxyServerPort=0}"/>
         <property name="platform" value="Windows 10"/>
      </properties>
      <testcase name="Test Cases/Func_CreateClass/Name_Dupicate" classname="Test Cases/Func_CreateClass/Name_Dupicate" status="PASSED">
         <system-out><![CDATA[2019-04-10 14:01:03 - [TEST_CASE][PASSED] - Test Cases/Func_CreateClass/Name_Dupicate: Test Cases/Func_CreateClass/Name_Dupicate

2019-04-10 14:01:06 - [TEST_STEP][PASSED] - openBrowser(""): Browser is opened with url: ''

2019-04-10 14:01:09 - [MESSAGE][INFO] - Starting 'Chrome' driver

2019-04-10 14:01:10 - [MESSAGE][INFO] - Action delay is set to 0 seconds

2019-04-10 14:01:18 - [MESSAGE][PASSED] - Browser is opened with url: ''

2019-04-10 14:01:18 - [TEST_STEP][PASSED] - navigateToUrl("https://hoclieu.sachmem.vn/folder/0"): Navigate to 'https://hoclieu.sachmem.vn/folder/0' successfully

2019-04-10 14:01:22 - [MESSAGE][PASSED] - Navigate to 'https://hoclieu.sachmem.vn/folder/0' successfully

2019-04-10 14:01:22 - [TEST_STEP][PASSED] - delay(1): Delayed 1 second(s)

2019-04-10 14:01:23 - [MESSAGE][PASSED] - Delayed 1 second(s)

2019-04-10 14:01:23 - [TEST_STEP][PASSED] - click(findTestObject("Login/Page_Hc liu - Sch Mm/a_ng nhp")): Object: 'Object Repository/Login/Page_Hc liu - Sch Mm/a_ng nhp' is clicked on

2019-04-10 14:01:27 - [MESSAGE][PASSED] - Object: 'Object Repository/Login/Page_Hc liu - Sch Mm/a_ng nhp' is clicked on

2019-04-10 14:01:27 - [TEST_STEP][PASSED] - setText(findTestObject("Object Repository/Login/Page_ng nhp  Sch Mm/input_a ch email_useremail"), "hwngvux98@gmail.com"): Text 'hwngvux98@gmail.com' is set on object 'Object Repository/Login/Page_ng nhp  Sch Mm/input_a ch email_useremail'

2019-04-10 14:01:29 - [MESSAGE][PASSED] - Text 'hwngvux98@gmail.com' is set on object 'Object Repository/Login/Page_ng nhp  Sch Mm/input_a ch email_useremail'

2019-04-10 14:01:29 - [TEST_STEP][PASSED] - setEncryptedText(findTestObject("Object Repository/Login/Page_ng nhp  Sch Mm/input_Mt khu_userpassword"), "EjEDdN6o7pTQoul/MO4YbQ=="): Text ****** has been set on object 'Object Repository/Login/Page_ng nhp  Sch Mm/input_Mt khu_userpassword'

2019-04-10 14:01:30 - [MESSAGE][PASSED] - Text ****** has been set on object 'Object Repository/Login/Page_ng nhp  Sch Mm/input_Mt khu_userpassword'

2019-04-10 14:01:30 - [TEST_STEP][PASSED] - click(findTestObject("Object Repository/Login/Page_ng nhp  Sch Mm/input_Qun mt khu_commit")): Object: 'Object Repository/Login/Page_ng nhp  Sch Mm/input_Qun mt khu_commit' is clicked on

2019-04-10 14:01:33 - [MESSAGE][PASSED] - Object: 'Object Repository/Login/Page_ng nhp  Sch Mm/input_Qun mt khu_commit' is clicked on

2019-04-10 14:01:33 - [TEST_STEP][PASSED] - click(findTestObject("Login/Page_Hc liu - Sch Mm/a_Lp hc ca ti")): Object: 'Object Repository/Login/Page_Hc liu - Sch Mm/a_Lp hc ca ti' is clicked on

2019-04-10 14:01:35 - [MESSAGE][PASSED] - Object: 'Object Repository/Login/Page_Hc liu - Sch Mm/a_Lp hc ca ti' is clicked on

2019-04-10 14:01:35 - [TEST_STEP][PASSED] - delay(3): Delayed 3 second(s)

2019-04-10 14:01:38 - [MESSAGE][PASSED] - Delayed 3 second(s)

2019-04-10 14:01:38 - [TEST_STEP][PASSED] - click(findTestObject("Login/Page_Hc liu - Sch Mm/a_Thm")): Object: 'Object Repository/Login/Page_Hc liu - Sch Mm/a_Thm' is clicked on

2019-04-10 14:01:38 - [MESSAGE][PASSED] - Object: 'Object Repository/Login/Page_Hc liu - Sch Mm/a_Thm' is clicked on

2019-04-10 14:01:38 - [TEST_STEP][PASSED] - delay(1): Delayed 1 second(s)

2019-04-10 14:01:39 - [MESSAGE][PASSED] - Delayed 1 second(s)

2019-04-10 14:01:39 - [TEST_STEP][PASSED] - setText(findTestObject("Login/Page_Hc liu - Sch Mm/input_Tn_form-control ng-pristine ng-invalid ng-touched"), "alo"): Text 'alo' is set on object 'Object Repository/Login/Page_Hc liu - Sch Mm/input_Tn_form-control ng-pristine ng-invalid ng-touched'

2019-04-10 14:01:39 - [MESSAGE][PASSED] - Text 'alo' is set on object 'Object Repository/Login/Page_Hc liu - Sch Mm/input_Tn_form-control ng-pristine ng-invalid ng-touched'

2019-04-10 14:01:39 - [TEST_STEP][PASSED] - click(findTestObject("Login/Page_Hc liu - Sch Mm/span_Chn khi lp_ng-arrow-wrapper")): Object: 'Object Repository/Login/Page_Hc liu - Sch Mm/span_Chn khi lp_ng-arrow-wrapper' is clicked on

2019-04-10 14:01:40 - [MESSAGE][PASSED] - Object: 'Object Repository/Login/Page_Hc liu - Sch Mm/span_Chn khi lp_ng-arrow-wrapper' is clicked on

2019-04-10 14:01:40 - [TEST_STEP][PASSED] - delay(1): Delayed 1 second(s)

2019-04-10 14:01:41 - [MESSAGE][PASSED] - Delayed 1 second(s)

2019-04-10 14:01:41 - [TEST_STEP][PASSED] - click(findTestObject("Login/Page_Hc liu - Sch Mm/Lop2")): Object: 'Object Repository/Login/Page_Hc liu - Sch Mm/Lop2' is clicked on

2019-04-10 14:01:41 - [MESSAGE][PASSED] - Object: 'Object Repository/Login/Page_Hc liu - Sch Mm/Lop2' is clicked on

2019-04-10 14:01:41 - [TEST_STEP][PASSED] - setText(findTestObject("Login/Page_Hc liu - Sch Mm/textarea_M t_form-control ng-untouched ng-valid ng-dirty"), "test"): Text 'test' is set on object 'Object Repository/Login/Page_Hc liu - Sch Mm/textarea_M t_form-control ng-untouched ng-valid ng-dirty'

2019-04-10 14:01:41 - [MESSAGE][PASSED] - Text 'test' is set on object 'Object Repository/Login/Page_Hc liu - Sch Mm/textarea_M t_form-control ng-untouched ng-valid ng-dirty'

2019-04-10 14:01:41 - [TEST_STEP][PASSED] - delay(1): Delayed 1 second(s)

2019-04-10 14:01:42 - [MESSAGE][PASSED] - Delayed 1 second(s)

2019-04-10 14:01:42 - [TEST_STEP][PASSED] - click(findTestObject("CreateClass/CreateClass_Confirm")): Object: 'Object Repository/CreateClass/CreateClass_Confirm' is clicked on

2019-04-10 14:01:42 - [MESSAGE][PASSED] - Object: 'Object Repository/CreateClass/CreateClass_Confirm' is clicked on

2019-04-10 14:01:42 - [TEST_STEP][PASSED] - waitForElementVisible(findTestObject("CreateClass/Error/Error_Duplicate"), 0): Object 'Object Repository/CreateClass/Error/Error_Duplicate' is visible

2019-04-10 14:01:42 - [MESSAGE][WARNING] - Timeout '0' is invalid. Using default page load timeout: '30'

2019-04-10 14:01:43 - [MESSAGE][PASSED] - Object 'Object Repository/CreateClass/Error/Error_Duplicate' is visible]]></system-out>
         <system-err><![CDATA[]]></system-err>
      </testcase>
      <testcase name="Test Cases/Func_CreateClass/Name_MaxCharTest" classname="Test Cases/Func_CreateClass/Name_MaxCharTest" status="PASSED">
         <system-out><![CDATA[2019-04-10 14:01:43 - [TEST_CASE][PASSED] - Test Cases/Func_CreateClass/Name_MaxCharTest: Test Cases/Func_CreateClass/Name_MaxCharTest

2019-04-10 14:01:43 - [TEST_STEP][PASSED] - openBrowser(""): Browser is opened with url: ''

2019-04-10 14:01:43 - [MESSAGE][WARNING] - A browser is already opened. Closing browser and opening a new one

2019-04-10 14:01:44 - [MESSAGE][INFO] - Starting 'Chrome' driver

2019-04-10 14:01:47 - [MESSAGE][PASSED] - Browser is opened with url: ''

2019-04-10 14:01:47 - [TEST_STEP][PASSED] - navigateToUrl("https://hoclieu.sachmem.vn/folder/0"): Navigate to 'https://hoclieu.sachmem.vn/folder/0' successfully

2019-04-10 14:01:49 - [MESSAGE][PASSED] - Navigate to 'https://hoclieu.sachmem.vn/folder/0' successfully

2019-04-10 14:01:49 - [TEST_STEP][PASSED] - delay(1): Delayed 1 second(s)

2019-04-10 14:01:50 - [MESSAGE][PASSED] - Delayed 1 second(s)

2019-04-10 14:01:50 - [TEST_STEP][PASSED] - click(findTestObject("Login/Page_Hc liu - Sch Mm/a_ng nhp")): Object: 'Object Repository/Login/Page_Hc liu - Sch Mm/a_ng nhp' is clicked on

2019-04-10 14:01:52 - [MESSAGE][PASSED] - Object: 'Object Repository/Login/Page_Hc liu - Sch Mm/a_ng nhp' is clicked on

2019-04-10 14:01:52 - [TEST_STEP][PASSED] - setText(findTestObject("Object Repository/Login/Page_ng nhp  Sch Mm/input_a ch email_useremail"), "hwngvux98@gmail.com"): Text 'hwngvux98@gmail.com' is set on object 'Object Repository/Login/Page_ng nhp  Sch Mm/input_a ch email_useremail'

2019-04-10 14:01:53 - [MESSAGE][PASSED] - Text 'hwngvux98@gmail.com' is set on object 'Object Repository/Login/Page_ng nhp  Sch Mm/input_a ch email_useremail'

2019-04-10 14:01:53 - [TEST_STEP][PASSED] - setEncryptedText(findTestObject("Object Repository/Login/Page_ng nhp  Sch Mm/input_Mt khu_userpassword"), "EjEDdN6o7pTQoul/MO4YbQ=="): Text ****** has been set on object 'Object Repository/Login/Page_ng nhp  Sch Mm/input_Mt khu_userpassword'

2019-04-10 14:01:53 - [MESSAGE][PASSED] - Text ****** has been set on object 'Object Repository/Login/Page_ng nhp  Sch Mm/input_Mt khu_userpassword'

2019-04-10 14:01:53 - [TEST_STEP][PASSED] - click(findTestObject("Object Repository/Login/Page_ng nhp  Sch Mm/input_Qun mt khu_commit")): Object: 'Object Repository/Login/Page_ng nhp  Sch Mm/input_Qun mt khu_commit' is clicked on

2019-04-10 14:01:55 - [MESSAGE][PASSED] - Object: 'Object Repository/Login/Page_ng nhp  Sch Mm/input_Qun mt khu_commit' is clicked on

2019-04-10 14:01:55 - [TEST_STEP][PASSED] - click(findTestObject("Login/Page_Hc liu - Sch Mm/a_Lp hc ca ti")): Object: 'Object Repository/Login/Page_Hc liu - Sch Mm/a_Lp hc ca ti' is clicked on

2019-04-10 14:01:57 - [MESSAGE][PASSED] - Object: 'Object Repository/Login/Page_Hc liu - Sch Mm/a_Lp hc ca ti' is clicked on

2019-04-10 14:01:57 - [TEST_STEP][PASSED] - delay(3): Delayed 3 second(s)

2019-04-10 14:02:00 - [MESSAGE][PASSED] - Delayed 3 second(s)

2019-04-10 14:02:00 - [TEST_STEP][PASSED] - click(findTestObject("Login/Page_Hc liu - Sch Mm/a_Thm")): Object: 'Object Repository/Login/Page_Hc liu - Sch Mm/a_Thm' is clicked on

2019-04-10 14:02:00 - [MESSAGE][PASSED] - Object: 'Object Repository/Login/Page_Hc liu - Sch Mm/a_Thm' is clicked on

2019-04-10 14:02:00 - [TEST_STEP][PASSED] - delay(1): Delayed 1 second(s)

2019-04-10 14:02:01 - [MESSAGE][PASSED] - Delayed 1 second(s)

2019-04-10 14:02:01 - [TEST_STEP][PASSED] - setText(findTestObject("Login/Page_Hc liu - Sch Mm/input_Tn_form-control ng-pristine ng-invalid ng-touched"), "12313213213213213213213132131321321321321"): Text '12313213213213213213213132131321321321321' is set on object 'Object Repository/Login/Page_Hc liu - Sch Mm/input_Tn_form-control ng-pristine ng-invalid ng-touched'

2019-04-10 14:02:01 - [MESSAGE][PASSED] - Text '12313213213213213213213132131321321321321' is set on object 'Object Repository/Login/Page_Hc liu - Sch Mm/input_Tn_form-control ng-pristine ng-invalid ng-touched'

2019-04-10 14:02:01 - [TEST_STEP][PASSED] - click(findTestObject("Login/Page_Hc liu - Sch Mm/span_Chn khi lp_ng-arrow-wrapper")): Object: 'Object Repository/Login/Page_Hc liu - Sch Mm/span_Chn khi lp_ng-arrow-wrapper' is clicked on

2019-04-10 14:02:01 - [MESSAGE][PASSED] - Object: 'Object Repository/Login/Page_Hc liu - Sch Mm/span_Chn khi lp_ng-arrow-wrapper' is clicked on

2019-04-10 14:02:01 - [TEST_STEP][PASSED] - delay(1): Delayed 1 second(s)

2019-04-10 14:02:02 - [MESSAGE][PASSED] - Delayed 1 second(s)

2019-04-10 14:02:02 - [TEST_STEP][PASSED] - click(findTestObject("Login/Page_Hc liu - Sch Mm/Lop2")): Object: 'Object Repository/Login/Page_Hc liu - Sch Mm/Lop2' is clicked on

2019-04-10 14:02:02 - [MESSAGE][PASSED] - Object: 'Object Repository/Login/Page_Hc liu - Sch Mm/Lop2' is clicked on

2019-04-10 14:02:02 - [TEST_STEP][PASSED] - setText(findTestObject("Login/Page_Hc liu - Sch Mm/textarea_M t_form-control ng-untouched ng-valid ng-dirty"), "test"): Text 'test' is set on object 'Object Repository/Login/Page_Hc liu - Sch Mm/textarea_M t_form-control ng-untouched ng-valid ng-dirty'

2019-04-10 14:02:03 - [MESSAGE][PASSED] - Text 'test' is set on object 'Object Repository/Login/Page_Hc liu - Sch Mm/textarea_M t_form-control ng-untouched ng-valid ng-dirty'

2019-04-10 14:02:03 - [TEST_STEP][PASSED] - delay(1): Delayed 1 second(s)

2019-04-10 14:02:04 - [MESSAGE][PASSED] - Delayed 1 second(s)

2019-04-10 14:02:04 - [TEST_STEP][PASSED] - click(findTestObject("CreateClass/CreateClass_Confirm")): Object: 'Object Repository/CreateClass/CreateClass_Confirm' is clicked on

2019-04-10 14:02:04 - [MESSAGE][PASSED] - Object: 'Object Repository/CreateClass/CreateClass_Confirm' is clicked on

2019-04-10 14:02:04 - [TEST_STEP][PASSED] - waitForElementVisible(findTestObject("CreateClass/Error/Error_Duplicate"), 0): Object 'Object Repository/CreateClass/Error/Error_Duplicate' is visible

2019-04-10 14:02:04 - [MESSAGE][WARNING] - Timeout '0' is invalid. Using default page load timeout: '30'

2019-04-10 14:02:04 - [MESSAGE][PASSED] - Object 'Object Repository/CreateClass/Error/Error_Duplicate' is visible]]></system-out>
         <system-err><![CDATA[]]></system-err>
      </testcase>
      <testcase name="Test Cases/Func_CreateClass/Name_NotAllowSpaceChar" classname="Test Cases/Func_CreateClass/Name_NotAllowSpaceChar" status="PASSED">
         <system-out><![CDATA[2019-04-10 14:02:04 - [TEST_CASE][PASSED] - Test Cases/Func_CreateClass/Name_NotAllowSpaceChar: Test Cases/Func_CreateClass/Name_NotAllowSpaceChar

2019-04-10 14:02:05 - [TEST_STEP][PASSED] - openBrowser(""): Browser is opened with url: ''

2019-04-10 14:02:05 - [MESSAGE][WARNING] - A browser is already opened. Closing browser and opening a new one

2019-04-10 14:02:06 - [MESSAGE][INFO] - Starting 'Chrome' driver

2019-04-10 14:02:08 - [MESSAGE][PASSED] - Browser is opened with url: ''

2019-04-10 14:02:08 - [TEST_STEP][PASSED] - navigateToUrl("https://hoclieu.sachmem.vn/folder/0"): Navigate to 'https://hoclieu.sachmem.vn/folder/0' successfully

2019-04-10 14:02:10 - [MESSAGE][PASSED] - Navigate to 'https://hoclieu.sachmem.vn/folder/0' successfully

2019-04-10 14:02:10 - [TEST_STEP][PASSED] - delay(1): Delayed 1 second(s)

2019-04-10 14:02:11 - [MESSAGE][PASSED] - Delayed 1 second(s)

2019-04-10 14:02:11 - [TEST_STEP][PASSED] - click(findTestObject("Login/Page_Hc liu - Sch Mm/a_ng nhp")): Object: 'Object Repository/Login/Page_Hc liu - Sch Mm/a_ng nhp' is clicked on

2019-04-10 14:02:13 - [MESSAGE][PASSED] - Object: 'Object Repository/Login/Page_Hc liu - Sch Mm/a_ng nhp' is clicked on

2019-04-10 14:02:13 - [TEST_STEP][PASSED] - setText(findTestObject("Object Repository/Login/Page_ng nhp  Sch Mm/input_a ch email_useremail"), "hwngvux98@gmail.com"): Text 'hwngvux98@gmail.com' is set on object 'Object Repository/Login/Page_ng nhp  Sch Mm/input_a ch email_useremail'

2019-04-10 14:02:13 - [MESSAGE][PASSED] - Text 'hwngvux98@gmail.com' is set on object 'Object Repository/Login/Page_ng nhp  Sch Mm/input_a ch email_useremail'

2019-04-10 14:02:13 - [TEST_STEP][PASSED] - setEncryptedText(findTestObject("Object Repository/Login/Page_ng nhp  Sch Mm/input_Mt khu_userpassword"), "EjEDdN6o7pTQoul/MO4YbQ=="): Text ****** has been set on object 'Object Repository/Login/Page_ng nhp  Sch Mm/input_Mt khu_userpassword'

2019-04-10 14:02:13 - [MESSAGE][PASSED] - Text ****** has been set on object 'Object Repository/Login/Page_ng nhp  Sch Mm/input_Mt khu_userpassword'

2019-04-10 14:02:13 - [TEST_STEP][PASSED] - click(findTestObject("Object Repository/Login/Page_ng nhp  Sch Mm/input_Qun mt khu_commit")): Object: 'Object Repository/Login/Page_ng nhp  Sch Mm/input_Qun mt khu_commit' is clicked on

2019-04-10 14:02:14 - [MESSAGE][PASSED] - Object: 'Object Repository/Login/Page_ng nhp  Sch Mm/input_Qun mt khu_commit' is clicked on

2019-04-10 14:02:14 - [TEST_STEP][PASSED] - click(findTestObject("Login/Page_Hc liu - Sch Mm/a_Lp hc ca ti")): Object: 'Object Repository/Login/Page_Hc liu - Sch Mm/a_Lp hc ca ti' is clicked on

2019-04-10 14:02:15 - [MESSAGE][PASSED] - Object: 'Object Repository/Login/Page_Hc liu - Sch Mm/a_Lp hc ca ti' is clicked on

2019-04-10 14:02:15 - [TEST_STEP][PASSED] - delay(3): Delayed 3 second(s)

2019-04-10 14:02:18 - [MESSAGE][PASSED] - Delayed 3 second(s)

2019-04-10 14:02:18 - [TEST_STEP][PASSED] - click(findTestObject("Login/Page_Hc liu - Sch Mm/a_Thm")): Object: 'Object Repository/Login/Page_Hc liu - Sch Mm/a_Thm' is clicked on

2019-04-10 14:02:18 - [MESSAGE][PASSED] - Object: 'Object Repository/Login/Page_Hc liu - Sch Mm/a_Thm' is clicked on

2019-04-10 14:02:18 - [TEST_STEP][PASSED] - delay(1): Delayed 1 second(s)

2019-04-10 14:02:19 - [MESSAGE][PASSED] - Delayed 1 second(s)

2019-04-10 14:02:19 - [TEST_STEP][PASSED] - setText(findTestObject("Login/Page_Hc liu - Sch Mm/input_Tn_form-control ng-pristine ng-invalid ng-touched"), "       "): Text '       ' is set on object 'Object Repository/Login/Page_Hc liu - Sch Mm/input_Tn_form-control ng-pristine ng-invalid ng-touched'

2019-04-10 14:02:19 - [MESSAGE][PASSED] - Text '       ' is set on object 'Object Repository/Login/Page_Hc liu - Sch Mm/input_Tn_form-control ng-pristine ng-invalid ng-touched'

2019-04-10 14:02:19 - [TEST_STEP][PASSED] - click(findTestObject("Login/Page_Hc liu - Sch Mm/span_Chn khi lp_ng-arrow-wrapper")): Object: 'Object Repository/Login/Page_Hc liu - Sch Mm/span_Chn khi lp_ng-arrow-wrapper' is clicked on

2019-04-10 14:02:20 - [MESSAGE][PASSED] - Object: 'Object Repository/Login/Page_Hc liu - Sch Mm/span_Chn khi lp_ng-arrow-wrapper' is clicked on

2019-04-10 14:02:20 - [TEST_STEP][PASSED] - delay(1): Delayed 1 second(s)

2019-04-10 14:02:21 - [MESSAGE][PASSED] - Delayed 1 second(s)

2019-04-10 14:02:21 - [TEST_STEP][PASSED] - click(findTestObject("Login/Page_Hc liu - Sch Mm/Lop2")): Object: 'Object Repository/Login/Page_Hc liu - Sch Mm/Lop2' is clicked on

2019-04-10 14:02:21 - [MESSAGE][PASSED] - Object: 'Object Repository/Login/Page_Hc liu - Sch Mm/Lop2' is clicked on

2019-04-10 14:02:21 - [TEST_STEP][PASSED] - setText(findTestObject("Login/Page_Hc liu - Sch Mm/textarea_M t_form-control ng-untouched ng-valid ng-dirty"), "test"): Text 'test' is set on object 'Object Repository/Login/Page_Hc liu - Sch Mm/textarea_M t_form-control ng-untouched ng-valid ng-dirty'

2019-04-10 14:02:21 - [MESSAGE][PASSED] - Text 'test' is set on object 'Object Repository/Login/Page_Hc liu - Sch Mm/textarea_M t_form-control ng-untouched ng-valid ng-dirty'

2019-04-10 14:02:21 - [TEST_STEP][PASSED] - delay(1): Delayed 1 second(s)

2019-04-10 14:02:22 - [MESSAGE][PASSED] - Delayed 1 second(s)

2019-04-10 14:02:22 - [TEST_STEP][PASSED] - click(findTestObject("CreateClass/CreateClass_Confirm")): Object: 'Object Repository/CreateClass/CreateClass_Confirm' is clicked on

2019-04-10 14:02:22 - [MESSAGE][PASSED] - Object: 'Object Repository/CreateClass/CreateClass_Confirm' is clicked on

2019-04-10 14:02:22 - [TEST_STEP][PASSED] - waitForElementVisible(findTestObject("CreateClass/Error/Error_Duplicate"), 0): Object 'Object Repository/CreateClass/Error/Error_Duplicate' is visible

2019-04-10 14:02:22 - [MESSAGE][WARNING] - Timeout '0' is invalid. Using default page load timeout: '30'

2019-04-10 14:02:22 - [MESSAGE][PASSED] - Object 'Object Repository/CreateClass/Error/Error_Duplicate' is visible]]></system-out>
         <system-err><![CDATA[]]></system-err>
      </testcase>
      <testcase name="Test Cases/Func_CreateClass/Name_NotAllowSpecChars" classname="Test Cases/Func_CreateClass/Name_NotAllowSpecChars" status="PASSED">
         <system-out><![CDATA[2019-04-10 14:02:22 - [TEST_CASE][PASSED] - Test Cases/Func_CreateClass/Name_NotAllowSpecChars: Test Cases/Func_CreateClass/Name_NotAllowSpecChars

2019-04-10 14:02:22 - [TEST_STEP][PASSED] - openBrowser(""): Browser is opened with url: ''

2019-04-10 14:02:22 - [MESSAGE][WARNING] - A browser is already opened. Closing browser and opening a new one

2019-04-10 14:02:23 - [MESSAGE][INFO] - Starting 'Chrome' driver

2019-04-10 14:02:25 - [MESSAGE][PASSED] - Browser is opened with url: ''

2019-04-10 14:02:25 - [TEST_STEP][PASSED] - navigateToUrl("https://hoclieu.sachmem.vn/folder/0"): Navigate to 'https://hoclieu.sachmem.vn/folder/0' successfully

2019-04-10 14:02:27 - [MESSAGE][PASSED] - Navigate to 'https://hoclieu.sachmem.vn/folder/0' successfully

2019-04-10 14:02:27 - [TEST_STEP][PASSED] - delay(1): Delayed 1 second(s)

2019-04-10 14:02:28 - [MESSAGE][PASSED] - Delayed 1 second(s)

2019-04-10 14:02:28 - [TEST_STEP][PASSED] - click(findTestObject("Login/Page_Hc liu - Sch Mm/a_ng nhp")): Object: 'Object Repository/Login/Page_Hc liu - Sch Mm/a_ng nhp' is clicked on

2019-04-10 14:02:30 - [MESSAGE][PASSED] - Object: 'Object Repository/Login/Page_Hc liu - Sch Mm/a_ng nhp' is clicked on

2019-04-10 14:02:30 - [TEST_STEP][PASSED] - setText(findTestObject("Object Repository/Login/Page_ng nhp  Sch Mm/input_a ch email_useremail"), "hwngvux98@gmail.com"): Text 'hwngvux98@gmail.com' is set on object 'Object Repository/Login/Page_ng nhp  Sch Mm/input_a ch email_useremail'

2019-04-10 14:02:31 - [MESSAGE][PASSED] - Text 'hwngvux98@gmail.com' is set on object 'Object Repository/Login/Page_ng nhp  Sch Mm/input_a ch email_useremail'

2019-04-10 14:02:31 - [TEST_STEP][PASSED] - setEncryptedText(findTestObject("Object Repository/Login/Page_ng nhp  Sch Mm/input_Mt khu_userpassword"), "EjEDdN6o7pTQoul/MO4YbQ=="): Text ****** has been set on object 'Object Repository/Login/Page_ng nhp  Sch Mm/input_Mt khu_userpassword'

2019-04-10 14:02:31 - [MESSAGE][PASSED] - Text ****** has been set on object 'Object Repository/Login/Page_ng nhp  Sch Mm/input_Mt khu_userpassword'

2019-04-10 14:02:31 - [TEST_STEP][PASSED] - click(findTestObject("Object Repository/Login/Page_ng nhp  Sch Mm/input_Qun mt khu_commit")): Object: 'Object Repository/Login/Page_ng nhp  Sch Mm/input_Qun mt khu_commit' is clicked on

2019-04-10 14:02:32 - [MESSAGE][PASSED] - Object: 'Object Repository/Login/Page_ng nhp  Sch Mm/input_Qun mt khu_commit' is clicked on

2019-04-10 14:02:32 - [TEST_STEP][PASSED] - click(findTestObject("Login/Page_Hc liu - Sch Mm/a_Lp hc ca ti")): Object: 'Object Repository/Login/Page_Hc liu - Sch Mm/a_Lp hc ca ti' is clicked on

2019-04-10 14:02:33 - [MESSAGE][PASSED] - Object: 'Object Repository/Login/Page_Hc liu - Sch Mm/a_Lp hc ca ti' is clicked on

2019-04-10 14:02:33 - [TEST_STEP][PASSED] - delay(3): Delayed 3 second(s)

2019-04-10 14:02:36 - [MESSAGE][PASSED] - Delayed 3 second(s)

2019-04-10 14:02:36 - [TEST_STEP][PASSED] - click(findTestObject("Login/Page_Hc liu - Sch Mm/a_Thm")): Object: 'Object Repository/Login/Page_Hc liu - Sch Mm/a_Thm' is clicked on

2019-04-10 14:02:36 - [MESSAGE][PASSED] - Object: 'Object Repository/Login/Page_Hc liu - Sch Mm/a_Thm' is clicked on

2019-04-10 14:02:36 - [TEST_STEP][PASSED] - delay(1): Delayed 1 second(s)

2019-04-10 14:02:37 - [MESSAGE][PASSED] - Delayed 1 second(s)

2019-04-10 14:02:37 - [TEST_STEP][PASSED] - setText(findTestObject("Login/Page_Hc liu - Sch Mm/input_Tn_form-control ng-pristine ng-invalid ng-touched"), "!@#$%^&*()_+Test  asdz"): Text '!@#$%^&*()_+Test  asdz' is set on object 'Object Repository/Login/Page_Hc liu - Sch Mm/input_Tn_form-control ng-pristine ng-invalid ng-touched'

2019-04-10 14:02:37 - [MESSAGE][PASSED] - Text '!@#$%^&*()_+Test  asdz' is set on object 'Object Repository/Login/Page_Hc liu - Sch Mm/input_Tn_form-control ng-pristine ng-invalid ng-touched'

2019-04-10 14:02:37 - [TEST_STEP][PASSED] - click(findTestObject("Login/Page_Hc liu - Sch Mm/span_Chn khi lp_ng-arrow-wrapper")): Object: 'Object Repository/Login/Page_Hc liu - Sch Mm/span_Chn khi lp_ng-arrow-wrapper' is clicked on

2019-04-10 14:02:37 - [MESSAGE][PASSED] - Object: 'Object Repository/Login/Page_Hc liu - Sch Mm/span_Chn khi lp_ng-arrow-wrapper' is clicked on

2019-04-10 14:02:37 - [TEST_STEP][PASSED] - delay(1): Delayed 1 second(s)

2019-04-10 14:02:39 - [MESSAGE][PASSED] - Delayed 1 second(s)

2019-04-10 14:02:39 - [TEST_STEP][PASSED] - click(findTestObject("Login/Page_Hc liu - Sch Mm/Lop2")): Object: 'Object Repository/Login/Page_Hc liu - Sch Mm/Lop2' is clicked on

2019-04-10 14:02:39 - [MESSAGE][PASSED] - Object: 'Object Repository/Login/Page_Hc liu - Sch Mm/Lop2' is clicked on

2019-04-10 14:02:39 - [TEST_STEP][PASSED] - setText(findTestObject("Login/Page_Hc liu - Sch Mm/textarea_M t_form-control ng-untouched ng-valid ng-dirty"), "test"): Text 'test' is set on object 'Object Repository/Login/Page_Hc liu - Sch Mm/textarea_M t_form-control ng-untouched ng-valid ng-dirty'

2019-04-10 14:02:39 - [MESSAGE][PASSED] - Text 'test' is set on object 'Object Repository/Login/Page_Hc liu - Sch Mm/textarea_M t_form-control ng-untouched ng-valid ng-dirty'

2019-04-10 14:02:39 - [TEST_STEP][PASSED] - delay(1): Delayed 1 second(s)

2019-04-10 14:02:40 - [MESSAGE][PASSED] - Delayed 1 second(s)

2019-04-10 14:02:40 - [TEST_STEP][PASSED] - click(findTestObject("CreateClass/CreateClass_Confirm")): Object: 'Object Repository/CreateClass/CreateClass_Confirm' is clicked on

2019-04-10 14:02:40 - [MESSAGE][PASSED] - Object: 'Object Repository/CreateClass/CreateClass_Confirm' is clicked on

2019-04-10 14:02:40 - [TEST_STEP][PASSED] - waitForElementVisible(findTestObject("CreateClass/Error/Error_SpecCharsNotAllow"), 0): Object 'Object Repository/CreateClass/Error/Error_SpecCharsNotAllow' is visible

2019-04-10 14:02:40 - [MESSAGE][WARNING] - Timeout '0' is invalid. Using default page load timeout: '30'

2019-04-10 14:02:40 - [MESSAGE][PASSED] - Object 'Object Repository/CreateClass/Error/Error_SpecCharsNotAllow' is visible]]></system-out>
         <system-err><![CDATA[]]></system-err>
      </testcase>
      <testcase name="Test Cases/Func_CreateClass/Validate_Button/Button_Cancel" classname="Test Cases/Func_CreateClass/Validate_Button/Button_Cancel" status="PASSED">
         <system-out><![CDATA[2019-04-10 14:02:40 - [TEST_CASE][PASSED] - Test Cases/Func_CreateClass/Validate_Button/Button_Cancel: Test Cases/Func_CreateClass/Validate_Button/Button_Cancel

2019-04-10 14:02:40 - [TEST_STEP][PASSED] - openBrowser(""): Browser is opened with url: ''

2019-04-10 14:02:40 - [MESSAGE][WARNING] - A browser is already opened. Closing browser and opening a new one

2019-04-10 14:02:41 - [MESSAGE][INFO] - Starting 'Chrome' driver

2019-04-10 14:02:43 - [MESSAGE][PASSED] - Browser is opened with url: ''

2019-04-10 14:02:43 - [TEST_STEP][PASSED] - navigateToUrl("https://hoclieu.sachmem.vn/folder/0"): Navigate to 'https://hoclieu.sachmem.vn/folder/0' successfully

2019-04-10 14:02:45 - [MESSAGE][PASSED] - Navigate to 'https://hoclieu.sachmem.vn/folder/0' successfully

2019-04-10 14:02:45 - [TEST_STEP][PASSED] - delay(1): Delayed 1 second(s)

2019-04-10 14:02:46 - [MESSAGE][PASSED] - Delayed 1 second(s)

2019-04-10 14:02:46 - [TEST_STEP][PASSED] - click(findTestObject("Login/Page_Hc liu - Sch Mm/a_ng nhp")): Object: 'Object Repository/Login/Page_Hc liu - Sch Mm/a_ng nhp' is clicked on

2019-04-10 14:02:48 - [MESSAGE][PASSED] - Object: 'Object Repository/Login/Page_Hc liu - Sch Mm/a_ng nhp' is clicked on

2019-04-10 14:02:48 - [TEST_STEP][PASSED] - setText(findTestObject("Object Repository/Login/Page_ng nhp  Sch Mm/input_a ch email_useremail"), "hwngvux98@gmail.com"): Text 'hwngvux98@gmail.com' is set on object 'Object Repository/Login/Page_ng nhp  Sch Mm/input_a ch email_useremail'

2019-04-10 14:02:48 - [MESSAGE][PASSED] - Text 'hwngvux98@gmail.com' is set on object 'Object Repository/Login/Page_ng nhp  Sch Mm/input_a ch email_useremail'

2019-04-10 14:02:48 - [TEST_STEP][PASSED] - setEncryptedText(findTestObject("Object Repository/Login/Page_ng nhp  Sch Mm/input_Mt khu_userpassword"), "EjEDdN6o7pTQoul/MO4YbQ=="): Text ****** has been set on object 'Object Repository/Login/Page_ng nhp  Sch Mm/input_Mt khu_userpassword'

2019-04-10 14:02:48 - [MESSAGE][PASSED] - Text ****** has been set on object 'Object Repository/Login/Page_ng nhp  Sch Mm/input_Mt khu_userpassword'

2019-04-10 14:02:48 - [TEST_STEP][PASSED] - click(findTestObject("Object Repository/Login/Page_ng nhp  Sch Mm/input_Qun mt khu_commit")): Object: 'Object Repository/Login/Page_ng nhp  Sch Mm/input_Qun mt khu_commit' is clicked on

2019-04-10 14:02:50 - [MESSAGE][PASSED] - Object: 'Object Repository/Login/Page_ng nhp  Sch Mm/input_Qun mt khu_commit' is clicked on

2019-04-10 14:02:50 - [TEST_STEP][PASSED] - click(findTestObject("Login/Page_Hc liu - Sch Mm/a_Lp hc ca ti")): Object: 'Object Repository/Login/Page_Hc liu - Sch Mm/a_Lp hc ca ti' is clicked on

2019-04-10 14:02:50 - [MESSAGE][PASSED] - Object: 'Object Repository/Login/Page_Hc liu - Sch Mm/a_Lp hc ca ti' is clicked on

2019-04-10 14:02:50 - [TEST_STEP][PASSED] - delay(3): Delayed 3 second(s)

2019-04-10 14:02:53 - [MESSAGE][PASSED] - Delayed 3 second(s)

2019-04-10 14:02:53 - [TEST_STEP][PASSED] - click(findTestObject("Login/Page_Hc liu - Sch Mm/a_Thm")): Object: 'Object Repository/Login/Page_Hc liu - Sch Mm/a_Thm' is clicked on

2019-04-10 14:02:54 - [MESSAGE][PASSED] - Object: 'Object Repository/Login/Page_Hc liu - Sch Mm/a_Thm' is clicked on

2019-04-10 14:02:54 - [TEST_STEP][PASSED] - delay(1): Delayed 1 second(s)

2019-04-10 14:02:55 - [MESSAGE][PASSED] - Delayed 1 second(s)

2019-04-10 14:02:55 - [TEST_STEP][PASSED] - click(findTestObject("Login/Page_Hc liu - Sch Mm/span_Chn khi lp_ng-arrow-wrapper")): Object: 'Object Repository/Login/Page_Hc liu - Sch Mm/span_Chn khi lp_ng-arrow-wrapper' is clicked on

2019-04-10 14:02:55 - [MESSAGE][PASSED] - Object: 'Object Repository/Login/Page_Hc liu - Sch Mm/span_Chn khi lp_ng-arrow-wrapper' is clicked on

2019-04-10 14:02:55 - [TEST_STEP][PASSED] - delay(1): Delayed 1 second(s)

2019-04-10 14:02:56 - [MESSAGE][PASSED] - Delayed 1 second(s)

2019-04-10 14:02:56 - [TEST_STEP][PASSED] - click(findTestObject("Login/Page_Hc liu - Sch Mm/Lop2")): Object: 'Object Repository/Login/Page_Hc liu - Sch Mm/Lop2' is clicked on

2019-04-10 14:02:56 - [MESSAGE][PASSED] - Object: 'Object Repository/Login/Page_Hc liu - Sch Mm/Lop2' is clicked on

2019-04-10 14:02:56 - [TEST_STEP][PASSED] - delay(1): Delayed 1 second(s)

2019-04-10 14:02:57 - [MESSAGE][PASSED] - Delayed 1 second(s)

2019-04-10 14:02:57 - [TEST_STEP][PASSED] - click(findTestObject("Login/Page_Hc liu - Sch Mm/button_Hy")): Object: 'Object Repository/Login/Page_Hc liu - Sch Mm/button_Hy' is clicked on

2019-04-10 14:02:57 - [MESSAGE][PASSED] - Object: 'Object Repository/Login/Page_Hc liu - Sch Mm/button_Hy' is clicked on

2019-04-10 14:02:57 - [TEST_STEP][PASSED] - waitForElementNotVisible(findTestObject("CreateClass/CreateClassMenu"), 3): Object 'Object Repository/CreateClass/CreateClassMenu' is NOT visible

2019-04-10 14:02:57 - [MESSAGE][PASSED] - Object 'Object Repository/CreateClass/CreateClassMenu' is NOT visible]]></system-out>
         <system-err><![CDATA[]]></system-err>
      </testcase>
      <testcase name="Test Cases/Func_CreateClass/Validate_Button/Button_X" classname="Test Cases/Func_CreateClass/Validate_Button/Button_X" status="PASSED">
         <system-out><![CDATA[2019-04-10 14:02:58 - [TEST_CASE][PASSED] - Test Cases/Func_CreateClass/Validate_Button/Button_X: Test Cases/Func_CreateClass/Validate_Button/Button_X

2019-04-10 14:02:58 - [TEST_STEP][PASSED] - openBrowser(""): Browser is opened with url: ''

2019-04-10 14:02:58 - [MESSAGE][WARNING] - A browser is already opened. Closing browser and opening a new one

2019-04-10 14:02:58 - [MESSAGE][INFO] - Starting 'Chrome' driver

2019-04-10 14:03:01 - [MESSAGE][PASSED] - Browser is opened with url: ''

2019-04-10 14:03:01 - [TEST_STEP][PASSED] - navigateToUrl("https://hoclieu.sachmem.vn/folder/0"): Navigate to 'https://hoclieu.sachmem.vn/folder/0' successfully

2019-04-10 14:03:02 - [MESSAGE][PASSED] - Navigate to 'https://hoclieu.sachmem.vn/folder/0' successfully

2019-04-10 14:03:02 - [TEST_STEP][PASSED] - delay(1): Delayed 1 second(s)

2019-04-10 14:03:03 - [MESSAGE][PASSED] - Delayed 1 second(s)

2019-04-10 14:03:03 - [TEST_STEP][PASSED] - click(findTestObject("Login/Page_Hc liu - Sch Mm/a_ng nhp")): Object: 'Object Repository/Login/Page_Hc liu - Sch Mm/a_ng nhp' is clicked on

2019-04-10 14:03:05 - [MESSAGE][PASSED] - Object: 'Object Repository/Login/Page_Hc liu - Sch Mm/a_ng nhp' is clicked on

2019-04-10 14:03:05 - [TEST_STEP][PASSED] - setText(findTestObject("Object Repository/Login/Page_ng nhp  Sch Mm/input_a ch email_useremail"), "hwngvux98@gmail.com"): Text 'hwngvux98@gmail.com' is set on object 'Object Repository/Login/Page_ng nhp  Sch Mm/input_a ch email_useremail'

2019-04-10 14:03:05 - [MESSAGE][PASSED] - Text 'hwngvux98@gmail.com' is set on object 'Object Repository/Login/Page_ng nhp  Sch Mm/input_a ch email_useremail'

2019-04-10 14:03:05 - [TEST_STEP][PASSED] - setEncryptedText(findTestObject("Object Repository/Login/Page_ng nhp  Sch Mm/input_Mt khu_userpassword"), "EjEDdN6o7pTQoul/MO4YbQ=="): Text ****** has been set on object 'Object Repository/Login/Page_ng nhp  Sch Mm/input_Mt khu_userpassword'

2019-04-10 14:03:06 - [MESSAGE][PASSED] - Text ****** has been set on object 'Object Repository/Login/Page_ng nhp  Sch Mm/input_Mt khu_userpassword'

2019-04-10 14:03:06 - [TEST_STEP][PASSED] - click(findTestObject("Object Repository/Login/Page_ng nhp  Sch Mm/input_Qun mt khu_commit")): Object: 'Object Repository/Login/Page_ng nhp  Sch Mm/input_Qun mt khu_commit' is clicked on

2019-04-10 14:03:07 - [MESSAGE][PASSED] - Object: 'Object Repository/Login/Page_ng nhp  Sch Mm/input_Qun mt khu_commit' is clicked on

2019-04-10 14:03:07 - [TEST_STEP][PASSED] - click(findTestObject("Login/Page_Hc liu - Sch Mm/a_Lp hc ca ti")): Object: 'Object Repository/Login/Page_Hc liu - Sch Mm/a_Lp hc ca ti' is clicked on

2019-04-10 14:03:08 - [MESSAGE][PASSED] - Object: 'Object Repository/Login/Page_Hc liu - Sch Mm/a_Lp hc ca ti' is clicked on

2019-04-10 14:03:08 - [TEST_STEP][PASSED] - delay(3): Delayed 3 second(s)

2019-04-10 14:03:11 - [MESSAGE][PASSED] - Delayed 3 second(s)

2019-04-10 14:03:11 - [TEST_STEP][PASSED] - click(findTestObject("Login/Page_Hc liu - Sch Mm/a_Thm")): Object: 'Object Repository/Login/Page_Hc liu - Sch Mm/a_Thm' is clicked on

2019-04-10 14:03:11 - [MESSAGE][PASSED] - Object: 'Object Repository/Login/Page_Hc liu - Sch Mm/a_Thm' is clicked on

2019-04-10 14:03:11 - [TEST_STEP][PASSED] - delay(1): Delayed 1 second(s)

2019-04-10 14:03:12 - [MESSAGE][PASSED] - Delayed 1 second(s)

2019-04-10 14:03:12 - [TEST_STEP][PASSED] - click(findTestObject("Login/Page_Hc liu - Sch Mm/button_X")): Object: 'Object Repository/Login/Page_Hc liu - Sch Mm/button_X' is clicked on

2019-04-10 14:03:12 - [MESSAGE][PASSED] - Object: 'Object Repository/Login/Page_Hc liu - Sch Mm/button_X' is clicked on

2019-04-10 14:03:12 - [TEST_STEP][PASSED] - waitForElementNotVisible(findTestObject("CreateClass/CreateClassMenu"), 3): Object 'Object Repository/CreateClass/CreateClassMenu' is NOT visible

2019-04-10 14:03:12 - [MESSAGE][PASSED] - Object 'Object Repository/CreateClass/CreateClassMenu' is NOT visible]]></system-out>
         <system-err><![CDATA[]]></system-err>
      </testcase>
      <system-out><![CDATA[2019-04-10 14:01:02 - [TEST_SUITE][PASSED] - Func_CreateClass: Test Cases/Func_CreateClass/Validate_Button/Button_X]]></system-out>
      <system-err><![CDATA[]]></system-err>
   </testsuite>
</testsuites>
