<?xml version="1.0" encoding="UTF-8"?>
<testsuites name="Func_CreateClass" time="162" tests="6" failures="0" errors="0">
   <testsuite name="Func_CreateClass" tests="6" failures="0" errors="0" time="162" timestamp="2019-04-10 13:49:03" hostname="admin - DESKTOP-S4I8ESH" id="Test Suites/Func_CreateClass">
      <properties>
         <property name="deviceName" value=""/>
         <property name="devicePlatform" value=""/>
         <property name="logFolder" value="C:\\Users\\admin\\Katalon Studio\\Katalon_BuiDucAnh\\Reports\\Func_CreateClass\\20190410_134839"/>
         <property name="logFiles" value="C:\\Users\\admin\\Katalon Studio\\Katalon_BuiDucAnh\\Reports\\Func_CreateClass\\20190410_134839\\execution0.log"/>
         <property name="attachments" value=""/>
         <property name="hostName" value="admin - DESKTOP-S4I8ESH"/>
         <property name="os" value="Windows 10 64bit"/>
         <property name="katalonVersion" value="6.1.0.1"/>
         <property name="browser" value="Chrome 73.0.3683.103"/>
         <property name="hostAddress" value="192.168.189.1"/>
         <property name="sessionId" value="ca5bc382a87627699f76fed56ae82f10"/>
         <property name="seleniumVersion" value="3.7.1"/>
         <property name="proxyInformation" value="ProxyInformation{proxyOption=NO_PROXY, proxyServerType=HTTP, password=, proxyServerAddress=, proxyServerPort=0}"/>
         <property name="platform" value="Windows 10"/>
      </properties>
      <testcase name="Test Cases/Func_CreateClass/Name_Dupicate" classname="Test Cases/Func_CreateClass/Name_Dupicate" status="PASSED">
         <system-out><![CDATA[2019-04-10 13:49:06 - [TEST_CASE][PASSED] - Test Cases/Func_CreateClass/Name_Dupicate: Test Cases/Func_CreateClass/Name_Dupicate

2019-04-10 13:49:11 - [TEST_STEP][PASSED] - openBrowser(""): Browser is opened with url: ''

2019-04-10 13:49:14 - [MESSAGE][INFO] - Starting 'Chrome' driver

2019-04-10 13:49:15 - [MESSAGE][INFO] - Action delay is set to 0 seconds

2019-04-10 13:49:26 - [MESSAGE][PASSED] - Browser is opened with url: ''

2019-04-10 13:49:26 - [TEST_STEP][PASSED] - navigateToUrl("https://hoclieu.sachmem.vn/folder/0"): Navigate to 'https://hoclieu.sachmem.vn/folder/0' successfully

2019-04-10 13:49:33 - [MESSAGE][PASSED] - Navigate to 'https://hoclieu.sachmem.vn/folder/0' successfully

2019-04-10 13:49:33 - [TEST_STEP][PASSED] - delay(1): Delayed 1 second(s)

2019-04-10 13:49:34 - [MESSAGE][PASSED] - Delayed 1 second(s)

2019-04-10 13:49:34 - [TEST_STEP][PASSED] - click(findTestObject("Login/Page_Hc liu - Sch Mm/a_ng nhp")): Object: 'Object Repository/Login/Page_Hc liu - Sch Mm/a_ng nhp' is clicked on

2019-04-10 13:49:42 - [MESSAGE][PASSED] - Object: 'Object Repository/Login/Page_Hc liu - Sch Mm/a_ng nhp' is clicked on

2019-04-10 13:49:42 - [TEST_STEP][PASSED] - setText(findTestObject("Object Repository/Login/Page_ng nhp  Sch Mm/input_a ch email_useremail"), "hwngvux98@gmail.com"): Text 'hwngvux98@gmail.com' is set on object 'Object Repository/Login/Page_ng nhp  Sch Mm/input_a ch email_useremail'

2019-04-10 13:49:43 - [MESSAGE][PASSED] - Text 'hwngvux98@gmail.com' is set on object 'Object Repository/Login/Page_ng nhp  Sch Mm/input_a ch email_useremail'

2019-04-10 13:49:43 - [TEST_STEP][PASSED] - setEncryptedText(findTestObject("Object Repository/Login/Page_ng nhp  Sch Mm/input_Mt khu_userpassword"), "EjEDdN6o7pTQoul/MO4YbQ=="): Text ****** has been set on object 'Object Repository/Login/Page_ng nhp  Sch Mm/input_Mt khu_userpassword'

2019-04-10 13:49:44 - [MESSAGE][PASSED] - Text ****** has been set on object 'Object Repository/Login/Page_ng nhp  Sch Mm/input_Mt khu_userpassword'

2019-04-10 13:49:44 - [TEST_STEP][PASSED] - click(findTestObject("Object Repository/Login/Page_ng nhp  Sch Mm/input_Qun mt khu_commit")): Object: 'Object Repository/Login/Page_ng nhp  Sch Mm/input_Qun mt khu_commit' is clicked on

2019-04-10 13:49:48 - [MESSAGE][PASSED] - Object: 'Object Repository/Login/Page_ng nhp  Sch Mm/input_Qun mt khu_commit' is clicked on

2019-04-10 13:49:48 - [TEST_STEP][PASSED] - click(findTestObject("Login/Page_Hc liu - Sch Mm/a_Lp hc ca ti")): Object: 'Object Repository/Login/Page_Hc liu - Sch Mm/a_Lp hc ca ti' is clicked on

2019-04-10 13:49:50 - [MESSAGE][PASSED] - Object: 'Object Repository/Login/Page_Hc liu - Sch Mm/a_Lp hc ca ti' is clicked on

2019-04-10 13:49:50 - [TEST_STEP][PASSED] - delay(3): Delayed 3 second(s)

2019-04-10 13:49:53 - [MESSAGE][PASSED] - Delayed 3 second(s)

2019-04-10 13:49:53 - [TEST_STEP][PASSED] - click(findTestObject("Login/Page_Hc liu - Sch Mm/a_Thm")): Object: 'Object Repository/Login/Page_Hc liu - Sch Mm/a_Thm' is clicked on

2019-04-10 13:49:54 - [MESSAGE][PASSED] - Object: 'Object Repository/Login/Page_Hc liu - Sch Mm/a_Thm' is clicked on

2019-04-10 13:49:54 - [TEST_STEP][PASSED] - delay(1): Delayed 1 second(s)

2019-04-10 13:49:55 - [MESSAGE][PASSED] - Delayed 1 second(s)

2019-04-10 13:49:55 - [TEST_STEP][PASSED] - setText(findTestObject("Login/Page_Hc liu - Sch Mm/input_Tn_form-control ng-pristine ng-invalid ng-touched"), "alo"): Text 'alo' is set on object 'Object Repository/Login/Page_Hc liu - Sch Mm/input_Tn_form-control ng-pristine ng-invalid ng-touched'

2019-04-10 13:49:55 - [MESSAGE][PASSED] - Text 'alo' is set on object 'Object Repository/Login/Page_Hc liu - Sch Mm/input_Tn_form-control ng-pristine ng-invalid ng-touched'

2019-04-10 13:49:55 - [TEST_STEP][PASSED] - click(findTestObject("Login/Page_Hc liu - Sch Mm/span_Chn khi lp_ng-arrow-wrapper")): Object: 'Object Repository/Login/Page_Hc liu - Sch Mm/span_Chn khi lp_ng-arrow-wrapper' is clicked on

2019-04-10 13:49:55 - [MESSAGE][PASSED] - Object: 'Object Repository/Login/Page_Hc liu - Sch Mm/span_Chn khi lp_ng-arrow-wrapper' is clicked on

2019-04-10 13:49:55 - [TEST_STEP][PASSED] - delay(1): Delayed 1 second(s)

2019-04-10 13:49:56 - [MESSAGE][PASSED] - Delayed 1 second(s)

2019-04-10 13:49:56 - [TEST_STEP][PASSED] - click(findTestObject("Login/Page_Hc liu - Sch Mm/Lop2")): Object: 'Object Repository/Login/Page_Hc liu - Sch Mm/Lop2' is clicked on

2019-04-10 13:49:57 - [MESSAGE][PASSED] - Object: 'Object Repository/Login/Page_Hc liu - Sch Mm/Lop2' is clicked on

2019-04-10 13:49:57 - [TEST_STEP][PASSED] - setText(findTestObject("Login/Page_Hc liu - Sch Mm/textarea_M t_form-control ng-untouched ng-valid ng-dirty"), "test"): Text 'test' is set on object 'Object Repository/Login/Page_Hc liu - Sch Mm/textarea_M t_form-control ng-untouched ng-valid ng-dirty'

2019-04-10 13:49:57 - [MESSAGE][PASSED] - Text 'test' is set on object 'Object Repository/Login/Page_Hc liu - Sch Mm/textarea_M t_form-control ng-untouched ng-valid ng-dirty'

2019-04-10 13:49:57 - [TEST_STEP][PASSED] - delay(1): Delayed 1 second(s)

2019-04-10 13:49:58 - [MESSAGE][PASSED] - Delayed 1 second(s)

2019-04-10 13:49:58 - [TEST_STEP][PASSED] - click(findTestObject("CreateClass/CreateClass_Confirm")): Object: 'Object Repository/CreateClass/CreateClass_Confirm' is clicked on

2019-04-10 13:49:58 - [MESSAGE][PASSED] - Object: 'Object Repository/CreateClass/CreateClass_Confirm' is clicked on

2019-04-10 13:49:58 - [TEST_STEP][PASSED] - waitForElementVisible(findTestObject("CreateClass/Error/Error_Duplicate"), 0): Object 'Object Repository/CreateClass/Error/Error_Duplicate' is visible

2019-04-10 13:49:58 - [MESSAGE][WARNING] - Timeout '0' is invalid. Using default page load timeout: '30'

2019-04-10 13:49:59 - [MESSAGE][PASSED] - Object 'Object Repository/CreateClass/Error/Error_Duplicate' is visible]]></system-out>
         <system-err><![CDATA[]]></system-err>
      </testcase>
      <testcase name="Test Cases/Func_CreateClass/Name_MaxCharTest" classname="Test Cases/Func_CreateClass/Name_MaxCharTest" status="PASSED">
         <system-out><![CDATA[2019-04-10 13:49:59 - [TEST_CASE][PASSED] - Test Cases/Func_CreateClass/Name_MaxCharTest: Test Cases/Func_CreateClass/Name_MaxCharTest

2019-04-10 13:49:59 - [TEST_STEP][PASSED] - openBrowser(""): Browser is opened with url: ''

2019-04-10 13:49:59 - [MESSAGE][WARNING] - A browser is already opened. Closing browser and opening a new one

2019-04-10 13:50:02 - [MESSAGE][INFO] - Starting 'Chrome' driver

2019-04-10 13:50:05 - [MESSAGE][PASSED] - Browser is opened with url: ''

2019-04-10 13:50:05 - [TEST_STEP][PASSED] - navigateToUrl("https://hoclieu.sachmem.vn/folder/0"): Navigate to 'https://hoclieu.sachmem.vn/folder/0' successfully

2019-04-10 13:50:09 - [MESSAGE][PASSED] - Navigate to 'https://hoclieu.sachmem.vn/folder/0' successfully

2019-04-10 13:50:09 - [TEST_STEP][PASSED] - delay(1): Delayed 1 second(s)

2019-04-10 13:50:10 - [MESSAGE][PASSED] - Delayed 1 second(s)

2019-04-10 13:50:10 - [TEST_STEP][PASSED] - click(findTestObject("Login/Page_Hc liu - Sch Mm/a_ng nhp")): Object: 'Object Repository/Login/Page_Hc liu - Sch Mm/a_ng nhp' is clicked on

2019-04-10 13:50:14 - [MESSAGE][PASSED] - Object: 'Object Repository/Login/Page_Hc liu - Sch Mm/a_ng nhp' is clicked on

2019-04-10 13:50:14 - [TEST_STEP][PASSED] - setText(findTestObject("Object Repository/Login/Page_ng nhp  Sch Mm/input_a ch email_useremail"), "hwngvux98@gmail.com"): Text 'hwngvux98@gmail.com' is set on object 'Object Repository/Login/Page_ng nhp  Sch Mm/input_a ch email_useremail'

2019-04-10 13:50:15 - [MESSAGE][PASSED] - Text 'hwngvux98@gmail.com' is set on object 'Object Repository/Login/Page_ng nhp  Sch Mm/input_a ch email_useremail'

2019-04-10 13:50:15 - [TEST_STEP][PASSED] - setEncryptedText(findTestObject("Object Repository/Login/Page_ng nhp  Sch Mm/input_Mt khu_userpassword"), "EjEDdN6o7pTQoul/MO4YbQ=="): Text ****** has been set on object 'Object Repository/Login/Page_ng nhp  Sch Mm/input_Mt khu_userpassword'

2019-04-10 13:50:16 - [MESSAGE][PASSED] - Text ****** has been set on object 'Object Repository/Login/Page_ng nhp  Sch Mm/input_Mt khu_userpassword'

2019-04-10 13:50:16 - [TEST_STEP][PASSED] - click(findTestObject("Object Repository/Login/Page_ng nhp  Sch Mm/input_Qun mt khu_commit")): Object: 'Object Repository/Login/Page_ng nhp  Sch Mm/input_Qun mt khu_commit' is clicked on

2019-04-10 13:50:19 - [MESSAGE][PASSED] - Object: 'Object Repository/Login/Page_ng nhp  Sch Mm/input_Qun mt khu_commit' is clicked on

2019-04-10 13:50:19 - [TEST_STEP][PASSED] - click(findTestObject("Login/Page_Hc liu - Sch Mm/a_Lp hc ca ti")): Object: 'Object Repository/Login/Page_Hc liu - Sch Mm/a_Lp hc ca ti' is clicked on

2019-04-10 13:50:21 - [MESSAGE][PASSED] - Object: 'Object Repository/Login/Page_Hc liu - Sch Mm/a_Lp hc ca ti' is clicked on

2019-04-10 13:50:21 - [TEST_STEP][PASSED] - delay(3): Delayed 3 second(s)

2019-04-10 13:50:24 - [MESSAGE][PASSED] - Delayed 3 second(s)

2019-04-10 13:50:24 - [TEST_STEP][PASSED] - click(findTestObject("Login/Page_Hc liu - Sch Mm/a_Thm")): Object: 'Object Repository/Login/Page_Hc liu - Sch Mm/a_Thm' is clicked on

2019-04-10 13:50:25 - [MESSAGE][PASSED] - Object: 'Object Repository/Login/Page_Hc liu - Sch Mm/a_Thm' is clicked on

2019-04-10 13:50:25 - [TEST_STEP][PASSED] - delay(1): Delayed 1 second(s)

2019-04-10 13:50:26 - [MESSAGE][PASSED] - Delayed 1 second(s)

2019-04-10 13:50:26 - [TEST_STEP][PASSED] - setText(findTestObject("Login/Page_Hc liu - Sch Mm/input_Tn_form-control ng-pristine ng-invalid ng-touched"), "12313213213213213213213132131321321321321"): Text '12313213213213213213213132131321321321321' is set on object 'Object Repository/Login/Page_Hc liu - Sch Mm/input_Tn_form-control ng-pristine ng-invalid ng-touched'

2019-04-10 13:50:27 - [MESSAGE][PASSED] - Text '12313213213213213213213132131321321321321' is set on object 'Object Repository/Login/Page_Hc liu - Sch Mm/input_Tn_form-control ng-pristine ng-invalid ng-touched'

2019-04-10 13:50:27 - [TEST_STEP][PASSED] - click(findTestObject("Login/Page_Hc liu - Sch Mm/span_Chn khi lp_ng-arrow-wrapper")): Object: 'Object Repository/Login/Page_Hc liu - Sch Mm/span_Chn khi lp_ng-arrow-wrapper' is clicked on

2019-04-10 13:50:27 - [MESSAGE][PASSED] - Object: 'Object Repository/Login/Page_Hc liu - Sch Mm/span_Chn khi lp_ng-arrow-wrapper' is clicked on

2019-04-10 13:50:27 - [TEST_STEP][PASSED] - delay(1): Delayed 1 second(s)

2019-04-10 13:50:28 - [MESSAGE][PASSED] - Delayed 1 second(s)

2019-04-10 13:50:28 - [TEST_STEP][PASSED] - click(findTestObject("Login/Page_Hc liu - Sch Mm/Lop2")): Object: 'Object Repository/Login/Page_Hc liu - Sch Mm/Lop2' is clicked on

2019-04-10 13:50:28 - [MESSAGE][PASSED] - Object: 'Object Repository/Login/Page_Hc liu - Sch Mm/Lop2' is clicked on

2019-04-10 13:50:28 - [TEST_STEP][PASSED] - setText(findTestObject("Login/Page_Hc liu - Sch Mm/textarea_M t_form-control ng-untouched ng-valid ng-dirty"), "test"): Text 'test' is set on object 'Object Repository/Login/Page_Hc liu - Sch Mm/textarea_M t_form-control ng-untouched ng-valid ng-dirty'

2019-04-10 13:50:29 - [MESSAGE][PASSED] - Text 'test' is set on object 'Object Repository/Login/Page_Hc liu - Sch Mm/textarea_M t_form-control ng-untouched ng-valid ng-dirty'

2019-04-10 13:50:29 - [TEST_STEP][PASSED] - delay(1): Delayed 1 second(s)

2019-04-10 13:50:30 - [MESSAGE][PASSED] - Delayed 1 second(s)

2019-04-10 13:50:30 - [TEST_STEP][PASSED] - click(findTestObject("CreateClass/CreateClass_Confirm")): Object: 'Object Repository/CreateClass/CreateClass_Confirm' is clicked on

2019-04-10 13:50:30 - [MESSAGE][PASSED] - Object: 'Object Repository/CreateClass/CreateClass_Confirm' is clicked on

2019-04-10 13:50:30 - [TEST_STEP][PASSED] - waitForElementVisible(findTestObject("CreateClass/Error/Error_Duplicate"), 0): Object 'Object Repository/CreateClass/Error/Error_Duplicate' is visible

2019-04-10 13:50:30 - [MESSAGE][WARNING] - Timeout '0' is invalid. Using default page load timeout: '30'

2019-04-10 13:50:30 - [MESSAGE][PASSED] - Object 'Object Repository/CreateClass/Error/Error_Duplicate' is visible]]></system-out>
         <system-err><![CDATA[]]></system-err>
      </testcase>
      <testcase name="Test Cases/Func_CreateClass/Name_NotAllowSpaceChar" classname="Test Cases/Func_CreateClass/Name_NotAllowSpaceChar" status="PASSED">
         <system-out><![CDATA[2019-04-10 13:50:30 - [TEST_CASE][PASSED] - Test Cases/Func_CreateClass/Name_NotAllowSpaceChar: Test Cases/Func_CreateClass/Name_NotAllowSpaceChar

2019-04-10 13:50:31 - [TEST_STEP][PASSED] - openBrowser(""): Browser is opened with url: ''

2019-04-10 13:50:31 - [MESSAGE][WARNING] - A browser is already opened. Closing browser and opening a new one

2019-04-10 13:50:33 - [MESSAGE][INFO] - Starting 'Chrome' driver

2019-04-10 13:50:35 - [MESSAGE][PASSED] - Browser is opened with url: ''

2019-04-10 13:50:35 - [TEST_STEP][PASSED] - navigateToUrl("https://hoclieu.sachmem.vn/folder/0"): Navigate to 'https://hoclieu.sachmem.vn/folder/0' successfully

2019-04-10 13:50:38 - [MESSAGE][PASSED] - Navigate to 'https://hoclieu.sachmem.vn/folder/0' successfully

2019-04-10 13:50:38 - [TEST_STEP][PASSED] - delay(1): Delayed 1 second(s)

2019-04-10 13:50:39 - [MESSAGE][PASSED] - Delayed 1 second(s)

2019-04-10 13:50:39 - [TEST_STEP][PASSED] - click(findTestObject("Login/Page_Hc liu - Sch Mm/a_ng nhp")): Object: 'Object Repository/Login/Page_Hc liu - Sch Mm/a_ng nhp' is clicked on

2019-04-10 13:50:42 - [MESSAGE][PASSED] - Object: 'Object Repository/Login/Page_Hc liu - Sch Mm/a_ng nhp' is clicked on

2019-04-10 13:50:42 - [TEST_STEP][PASSED] - setText(findTestObject("Object Repository/Login/Page_ng nhp  Sch Mm/input_a ch email_useremail"), "hwngvux98@gmail.com"): Text 'hwngvux98@gmail.com' is set on object 'Object Repository/Login/Page_ng nhp  Sch Mm/input_a ch email_useremail'

2019-04-10 13:50:42 - [MESSAGE][PASSED] - Text 'hwngvux98@gmail.com' is set on object 'Object Repository/Login/Page_ng nhp  Sch Mm/input_a ch email_useremail'

2019-04-10 13:50:42 - [TEST_STEP][PASSED] - setEncryptedText(findTestObject("Object Repository/Login/Page_ng nhp  Sch Mm/input_Mt khu_userpassword"), "EjEDdN6o7pTQoul/MO4YbQ=="): Text ****** has been set on object 'Object Repository/Login/Page_ng nhp  Sch Mm/input_Mt khu_userpassword'

2019-04-10 13:50:43 - [MESSAGE][PASSED] - Text ****** has been set on object 'Object Repository/Login/Page_ng nhp  Sch Mm/input_Mt khu_userpassword'

2019-04-10 13:50:43 - [TEST_STEP][PASSED] - click(findTestObject("Object Repository/Login/Page_ng nhp  Sch Mm/input_Qun mt khu_commit")): Object: 'Object Repository/Login/Page_ng nhp  Sch Mm/input_Qun mt khu_commit' is clicked on

2019-04-10 13:50:45 - [MESSAGE][PASSED] - Object: 'Object Repository/Login/Page_ng nhp  Sch Mm/input_Qun mt khu_commit' is clicked on

2019-04-10 13:50:45 - [TEST_STEP][PASSED] - click(findTestObject("Login/Page_Hc liu - Sch Mm/a_Lp hc ca ti")): Object: 'Object Repository/Login/Page_Hc liu - Sch Mm/a_Lp hc ca ti' is clicked on

2019-04-10 13:50:46 - [MESSAGE][PASSED] - Object: 'Object Repository/Login/Page_Hc liu - Sch Mm/a_Lp hc ca ti' is clicked on

2019-04-10 13:50:46 - [TEST_STEP][PASSED] - delay(3): Delayed 3 second(s)

2019-04-10 13:50:49 - [MESSAGE][PASSED] - Delayed 3 second(s)

2019-04-10 13:50:49 - [TEST_STEP][PASSED] - click(findTestObject("Login/Page_Hc liu - Sch Mm/a_Thm")): Object: 'Object Repository/Login/Page_Hc liu - Sch Mm/a_Thm' is clicked on

2019-04-10 13:50:49 - [MESSAGE][PASSED] - Object: 'Object Repository/Login/Page_Hc liu - Sch Mm/a_Thm' is clicked on

2019-04-10 13:50:49 - [TEST_STEP][PASSED] - delay(1): Delayed 1 second(s)

2019-04-10 13:50:50 - [MESSAGE][PASSED] - Delayed 1 second(s)

2019-04-10 13:50:50 - [TEST_STEP][PASSED] - setText(findTestObject("Login/Page_Hc liu - Sch Mm/input_Tn_form-control ng-pristine ng-invalid ng-touched"), "       "): Text '       ' is set on object 'Object Repository/Login/Page_Hc liu - Sch Mm/input_Tn_form-control ng-pristine ng-invalid ng-touched'

2019-04-10 13:50:51 - [MESSAGE][PASSED] - Text '       ' is set on object 'Object Repository/Login/Page_Hc liu - Sch Mm/input_Tn_form-control ng-pristine ng-invalid ng-touched'

2019-04-10 13:50:51 - [TEST_STEP][PASSED] - click(findTestObject("Login/Page_Hc liu - Sch Mm/span_Chn khi lp_ng-arrow-wrapper")): Object: 'Object Repository/Login/Page_Hc liu - Sch Mm/span_Chn khi lp_ng-arrow-wrapper' is clicked on

2019-04-10 13:50:51 - [MESSAGE][PASSED] - Object: 'Object Repository/Login/Page_Hc liu - Sch Mm/span_Chn khi lp_ng-arrow-wrapper' is clicked on

2019-04-10 13:50:51 - [TEST_STEP][PASSED] - delay(1): Delayed 1 second(s)

2019-04-10 13:50:52 - [MESSAGE][PASSED] - Delayed 1 second(s)

2019-04-10 13:50:52 - [TEST_STEP][PASSED] - click(findTestObject("Login/Page_Hc liu - Sch Mm/Lop2")): Object: 'Object Repository/Login/Page_Hc liu - Sch Mm/Lop2' is clicked on

2019-04-10 13:50:52 - [MESSAGE][PASSED] - Object: 'Object Repository/Login/Page_Hc liu - Sch Mm/Lop2' is clicked on

2019-04-10 13:50:52 - [TEST_STEP][PASSED] - setText(findTestObject("Login/Page_Hc liu - Sch Mm/textarea_M t_form-control ng-untouched ng-valid ng-dirty"), "test"): Text 'test' is set on object 'Object Repository/Login/Page_Hc liu - Sch Mm/textarea_M t_form-control ng-untouched ng-valid ng-dirty'

2019-04-10 13:50:52 - [MESSAGE][PASSED] - Text 'test' is set on object 'Object Repository/Login/Page_Hc liu - Sch Mm/textarea_M t_form-control ng-untouched ng-valid ng-dirty'

2019-04-10 13:50:52 - [TEST_STEP][PASSED] - delay(1): Delayed 1 second(s)

2019-04-10 13:50:53 - [MESSAGE][PASSED] - Delayed 1 second(s)

2019-04-10 13:50:53 - [TEST_STEP][PASSED] - click(findTestObject("CreateClass/CreateClass_Confirm")): Object: 'Object Repository/CreateClass/CreateClass_Confirm' is clicked on

2019-04-10 13:50:53 - [MESSAGE][PASSED] - Object: 'Object Repository/CreateClass/CreateClass_Confirm' is clicked on

2019-04-10 13:50:53 - [TEST_STEP][PASSED] - waitForElementVisible(findTestObject("CreateClass/Error/Error_Duplicate"), 0): Object 'Object Repository/CreateClass/Error/Error_Duplicate' is visible

2019-04-10 13:50:53 - [MESSAGE][WARNING] - Timeout '0' is invalid. Using default page load timeout: '30'

2019-04-10 13:50:53 - [MESSAGE][PASSED] - Object 'Object Repository/CreateClass/Error/Error_Duplicate' is visible]]></system-out>
         <system-err><![CDATA[]]></system-err>
      </testcase>
      <testcase name="Test Cases/Func_CreateClass/Name_NotAllowSpecChars" classname="Test Cases/Func_CreateClass/Name_NotAllowSpecChars" status="PASSED">
         <system-out><![CDATA[2019-04-10 13:50:53 - [TEST_CASE][PASSED] - Test Cases/Func_CreateClass/Name_NotAllowSpecChars: Test Cases/Func_CreateClass/Name_NotAllowSpecChars

2019-04-10 13:50:53 - [TEST_STEP][PASSED] - openBrowser(""): Browser is opened with url: ''

2019-04-10 13:50:53 - [MESSAGE][WARNING] - A browser is already opened. Closing browser and opening a new one

2019-04-10 13:50:54 - [MESSAGE][INFO] - Starting 'Chrome' driver

2019-04-10 13:50:56 - [MESSAGE][PASSED] - Browser is opened with url: ''

2019-04-10 13:50:56 - [TEST_STEP][PASSED] - navigateToUrl("https://hoclieu.sachmem.vn/folder/0"): Navigate to 'https://hoclieu.sachmem.vn/folder/0' successfully

2019-04-10 13:50:58 - [MESSAGE][PASSED] - Navigate to 'https://hoclieu.sachmem.vn/folder/0' successfully

2019-04-10 13:50:58 - [TEST_STEP][PASSED] - delay(1): Delayed 1 second(s)

2019-04-10 13:50:59 - [MESSAGE][PASSED] - Delayed 1 second(s)

2019-04-10 13:50:59 - [TEST_STEP][PASSED] - click(findTestObject("Login/Page_Hc liu - Sch Mm/a_ng nhp")): Object: 'Object Repository/Login/Page_Hc liu - Sch Mm/a_ng nhp' is clicked on

2019-04-10 13:51:01 - [MESSAGE][PASSED] - Object: 'Object Repository/Login/Page_Hc liu - Sch Mm/a_ng nhp' is clicked on

2019-04-10 13:51:01 - [TEST_STEP][PASSED] - setText(findTestObject("Object Repository/Login/Page_ng nhp  Sch Mm/input_a ch email_useremail"), "hwngvux98@gmail.com"): Text 'hwngvux98@gmail.com' is set on object 'Object Repository/Login/Page_ng nhp  Sch Mm/input_a ch email_useremail'

2019-04-10 13:51:01 - [MESSAGE][PASSED] - Text 'hwngvux98@gmail.com' is set on object 'Object Repository/Login/Page_ng nhp  Sch Mm/input_a ch email_useremail'

2019-04-10 13:51:01 - [TEST_STEP][PASSED] - setEncryptedText(findTestObject("Object Repository/Login/Page_ng nhp  Sch Mm/input_Mt khu_userpassword"), "EjEDdN6o7pTQoul/MO4YbQ=="): Text ****** has been set on object 'Object Repository/Login/Page_ng nhp  Sch Mm/input_Mt khu_userpassword'

2019-04-10 13:51:02 - [MESSAGE][PASSED] - Text ****** has been set on object 'Object Repository/Login/Page_ng nhp  Sch Mm/input_Mt khu_userpassword'

2019-04-10 13:51:02 - [TEST_STEP][PASSED] - click(findTestObject("Object Repository/Login/Page_ng nhp  Sch Mm/input_Qun mt khu_commit")): Object: 'Object Repository/Login/Page_ng nhp  Sch Mm/input_Qun mt khu_commit' is clicked on

2019-04-10 13:51:03 - [MESSAGE][PASSED] - Object: 'Object Repository/Login/Page_ng nhp  Sch Mm/input_Qun mt khu_commit' is clicked on

2019-04-10 13:51:03 - [TEST_STEP][PASSED] - click(findTestObject("Login/Page_Hc liu - Sch Mm/a_Lp hc ca ti")): Object: 'Object Repository/Login/Page_Hc liu - Sch Mm/a_Lp hc ca ti' is clicked on

2019-04-10 13:51:04 - [MESSAGE][PASSED] - Object: 'Object Repository/Login/Page_Hc liu - Sch Mm/a_Lp hc ca ti' is clicked on

2019-04-10 13:51:04 - [TEST_STEP][PASSED] - delay(3): Delayed 3 second(s)

2019-04-10 13:51:07 - [MESSAGE][PASSED] - Delayed 3 second(s)

2019-04-10 13:51:07 - [TEST_STEP][PASSED] - click(findTestObject("Login/Page_Hc liu - Sch Mm/a_Thm")): Object: 'Object Repository/Login/Page_Hc liu - Sch Mm/a_Thm' is clicked on

2019-04-10 13:51:07 - [MESSAGE][PASSED] - Object: 'Object Repository/Login/Page_Hc liu - Sch Mm/a_Thm' is clicked on

2019-04-10 13:51:07 - [TEST_STEP][PASSED] - delay(1): Delayed 1 second(s)

2019-04-10 13:51:08 - [MESSAGE][PASSED] - Delayed 1 second(s)

2019-04-10 13:51:08 - [TEST_STEP][PASSED] - setText(findTestObject("Login/Page_Hc liu - Sch Mm/input_Tn_form-control ng-pristine ng-invalid ng-touched"), "!@#$%^&*()_+Test  asdz"): Text '!@#$%^&*()_+Test  asdz' is set on object 'Object Repository/Login/Page_Hc liu - Sch Mm/input_Tn_form-control ng-pristine ng-invalid ng-touched'

2019-04-10 13:51:08 - [MESSAGE][PASSED] - Text '!@#$%^&*()_+Test  asdz' is set on object 'Object Repository/Login/Page_Hc liu - Sch Mm/input_Tn_form-control ng-pristine ng-invalid ng-touched'

2019-04-10 13:51:08 - [TEST_STEP][PASSED] - click(findTestObject("Login/Page_Hc liu - Sch Mm/span_Chn khi lp_ng-arrow-wrapper")): Object: 'Object Repository/Login/Page_Hc liu - Sch Mm/span_Chn khi lp_ng-arrow-wrapper' is clicked on

2019-04-10 13:51:08 - [MESSAGE][PASSED] - Object: 'Object Repository/Login/Page_Hc liu - Sch Mm/span_Chn khi lp_ng-arrow-wrapper' is clicked on

2019-04-10 13:51:08 - [TEST_STEP][PASSED] - delay(1): Delayed 1 second(s)

2019-04-10 13:51:09 - [MESSAGE][PASSED] - Delayed 1 second(s)

2019-04-10 13:51:10 - [TEST_STEP][PASSED] - click(findTestObject("Login/Page_Hc liu - Sch Mm/Lop2")): Object: 'Object Repository/Login/Page_Hc liu - Sch Mm/Lop2' is clicked on

2019-04-10 13:51:10 - [MESSAGE][PASSED] - Object: 'Object Repository/Login/Page_Hc liu - Sch Mm/Lop2' is clicked on

2019-04-10 13:51:10 - [TEST_STEP][PASSED] - setText(findTestObject("Login/Page_Hc liu - Sch Mm/textarea_M t_form-control ng-untouched ng-valid ng-dirty"), "test"): Text 'test' is set on object 'Object Repository/Login/Page_Hc liu - Sch Mm/textarea_M t_form-control ng-untouched ng-valid ng-dirty'

2019-04-10 13:51:10 - [MESSAGE][PASSED] - Text 'test' is set on object 'Object Repository/Login/Page_Hc liu - Sch Mm/textarea_M t_form-control ng-untouched ng-valid ng-dirty'

2019-04-10 13:51:10 - [TEST_STEP][PASSED] - delay(1): Delayed 1 second(s)

2019-04-10 13:51:11 - [MESSAGE][PASSED] - Delayed 1 second(s)

2019-04-10 13:51:11 - [TEST_STEP][PASSED] - click(findTestObject("CreateClass/CreateClass_Confirm")): Object: 'Object Repository/CreateClass/CreateClass_Confirm' is clicked on

2019-04-10 13:51:11 - [MESSAGE][PASSED] - Object: 'Object Repository/CreateClass/CreateClass_Confirm' is clicked on

2019-04-10 13:51:11 - [TEST_STEP][PASSED] - waitForElementVisible(findTestObject("CreateClass/Error/Error_SpecCharsNotAllow"), 0): Object 'Object Repository/CreateClass/Error/Error_SpecCharsNotAllow' is visible

2019-04-10 13:51:11 - [MESSAGE][WARNING] - Timeout '0' is invalid. Using default page load timeout: '30'

2019-04-10 13:51:11 - [MESSAGE][PASSED] - Object 'Object Repository/CreateClass/Error/Error_SpecCharsNotAllow' is visible]]></system-out>
         <system-err><![CDATA[]]></system-err>
      </testcase>
      <testcase name="Test Cases/Func_CreateClass/Validate_Button/Button_Cancel" classname="Test Cases/Func_CreateClass/Validate_Button/Button_Cancel" status="PASSED">
         <system-out><![CDATA[2019-04-10 13:51:11 - [TEST_CASE][PASSED] - Test Cases/Func_CreateClass/Validate_Button/Button_Cancel: Test Cases/Func_CreateClass/Validate_Button/Button_Cancel

2019-04-10 13:51:11 - [TEST_STEP][PASSED] - openBrowser(""): Browser is opened with url: ''

2019-04-10 13:51:11 - [MESSAGE][WARNING] - A browser is already opened. Closing browser and opening a new one

2019-04-10 13:51:12 - [MESSAGE][INFO] - Starting 'Chrome' driver

2019-04-10 13:51:14 - [MESSAGE][PASSED] - Browser is opened with url: ''

2019-04-10 13:51:14 - [TEST_STEP][PASSED] - navigateToUrl("https://hoclieu.sachmem.vn/folder/0"): Navigate to 'https://hoclieu.sachmem.vn/folder/0' successfully

2019-04-10 13:51:16 - [MESSAGE][PASSED] - Navigate to 'https://hoclieu.sachmem.vn/folder/0' successfully

2019-04-10 13:51:16 - [TEST_STEP][PASSED] - delay(1): Delayed 1 second(s)

2019-04-10 13:51:17 - [MESSAGE][PASSED] - Delayed 1 second(s)

2019-04-10 13:51:17 - [TEST_STEP][PASSED] - click(findTestObject("Login/Page_Hc liu - Sch Mm/a_ng nhp")): Object: 'Object Repository/Login/Page_Hc liu - Sch Mm/a_ng nhp' is clicked on

2019-04-10 13:51:19 - [MESSAGE][PASSED] - Object: 'Object Repository/Login/Page_Hc liu - Sch Mm/a_ng nhp' is clicked on

2019-04-10 13:51:19 - [TEST_STEP][PASSED] - setText(findTestObject("Object Repository/Login/Page_ng nhp  Sch Mm/input_a ch email_useremail"), "hwngvux98@gmail.com"): Text 'hwngvux98@gmail.com' is set on object 'Object Repository/Login/Page_ng nhp  Sch Mm/input_a ch email_useremail'

2019-04-10 13:51:19 - [MESSAGE][PASSED] - Text 'hwngvux98@gmail.com' is set on object 'Object Repository/Login/Page_ng nhp  Sch Mm/input_a ch email_useremail'

2019-04-10 13:51:19 - [TEST_STEP][PASSED] - setEncryptedText(findTestObject("Object Repository/Login/Page_ng nhp  Sch Mm/input_Mt khu_userpassword"), "EjEDdN6o7pTQoul/MO4YbQ=="): Text ****** has been set on object 'Object Repository/Login/Page_ng nhp  Sch Mm/input_Mt khu_userpassword'

2019-04-10 13:51:19 - [MESSAGE][PASSED] - Text ****** has been set on object 'Object Repository/Login/Page_ng nhp  Sch Mm/input_Mt khu_userpassword'

2019-04-10 13:51:19 - [TEST_STEP][PASSED] - click(findTestObject("Object Repository/Login/Page_ng nhp  Sch Mm/input_Qun mt khu_commit")): Object: 'Object Repository/Login/Page_ng nhp  Sch Mm/input_Qun mt khu_commit' is clicked on

2019-04-10 13:51:20 - [MESSAGE][PASSED] - Object: 'Object Repository/Login/Page_ng nhp  Sch Mm/input_Qun mt khu_commit' is clicked on

2019-04-10 13:51:20 - [TEST_STEP][PASSED] - click(findTestObject("Login/Page_Hc liu - Sch Mm/a_Lp hc ca ti")): Object: 'Object Repository/Login/Page_Hc liu - Sch Mm/a_Lp hc ca ti' is clicked on

2019-04-10 13:51:21 - [MESSAGE][PASSED] - Object: 'Object Repository/Login/Page_Hc liu - Sch Mm/a_Lp hc ca ti' is clicked on

2019-04-10 13:51:21 - [TEST_STEP][PASSED] - delay(3): Delayed 3 second(s)

2019-04-10 13:51:24 - [MESSAGE][PASSED] - Delayed 3 second(s)

2019-04-10 13:51:24 - [TEST_STEP][PASSED] - click(findTestObject("Login/Page_Hc liu - Sch Mm/a_Thm")): Object: 'Object Repository/Login/Page_Hc liu - Sch Mm/a_Thm' is clicked on

2019-04-10 13:51:24 - [MESSAGE][PASSED] - Object: 'Object Repository/Login/Page_Hc liu - Sch Mm/a_Thm' is clicked on

2019-04-10 13:51:24 - [TEST_STEP][PASSED] - delay(1): Delayed 1 second(s)

2019-04-10 13:51:25 - [MESSAGE][PASSED] - Delayed 1 second(s)

2019-04-10 13:51:25 - [TEST_STEP][PASSED] - click(findTestObject("Login/Page_Hc liu - Sch Mm/span_Chn khi lp_ng-arrow-wrapper")): Object: 'Object Repository/Login/Page_Hc liu - Sch Mm/span_Chn khi lp_ng-arrow-wrapper' is clicked on

2019-04-10 13:51:26 - [MESSAGE][PASSED] - Object: 'Object Repository/Login/Page_Hc liu - Sch Mm/span_Chn khi lp_ng-arrow-wrapper' is clicked on

2019-04-10 13:51:26 - [TEST_STEP][PASSED] - delay(1): Delayed 1 second(s)

2019-04-10 13:51:27 - [MESSAGE][PASSED] - Delayed 1 second(s)

2019-04-10 13:51:27 - [TEST_STEP][PASSED] - click(findTestObject("Login/Page_Hc liu - Sch Mm/Lop2")): Object: 'Object Repository/Login/Page_Hc liu - Sch Mm/Lop2' is clicked on

2019-04-10 13:51:27 - [MESSAGE][PASSED] - Object: 'Object Repository/Login/Page_Hc liu - Sch Mm/Lop2' is clicked on

2019-04-10 13:51:27 - [TEST_STEP][PASSED] - delay(1): Delayed 1 second(s)

2019-04-10 13:51:28 - [MESSAGE][PASSED] - Delayed 1 second(s)

2019-04-10 13:51:28 - [TEST_STEP][PASSED] - click(findTestObject("Login/Page_Hc liu - Sch Mm/button_Hy")): Object: 'Object Repository/Login/Page_Hc liu - Sch Mm/button_Hy' is clicked on

2019-04-10 13:51:28 - [MESSAGE][PASSED] - Object: 'Object Repository/Login/Page_Hc liu - Sch Mm/button_Hy' is clicked on

2019-04-10 13:51:28 - [TEST_STEP][PASSED] - waitForElementNotVisible(findTestObject("CreateClass/CreateClassMenu"), 3): Object 'Object Repository/CreateClass/CreateClassMenu' is NOT visible

2019-04-10 13:51:29 - [MESSAGE][PASSED] - Object 'Object Repository/CreateClass/CreateClassMenu' is NOT visible]]></system-out>
         <system-err><![CDATA[]]></system-err>
      </testcase>
      <testcase name="Test Cases/Func_CreateClass/Validate_Button/Button_X" classname="Test Cases/Func_CreateClass/Validate_Button/Button_X" status="PASSED">
         <system-out><![CDATA[2019-04-10 13:51:29 - [TEST_CASE][PASSED] - Test Cases/Func_CreateClass/Validate_Button/Button_X: Test Cases/Func_CreateClass/Validate_Button/Button_X

2019-04-10 13:51:29 - [TEST_STEP][PASSED] - openBrowser(""): Browser is opened with url: ''

2019-04-10 13:51:29 - [MESSAGE][WARNING] - A browser is already opened. Closing browser and opening a new one

2019-04-10 13:51:29 - [MESSAGE][INFO] - Starting 'Chrome' driver

2019-04-10 13:51:32 - [MESSAGE][PASSED] - Browser is opened with url: ''

2019-04-10 13:51:32 - [TEST_STEP][PASSED] - navigateToUrl("https://hoclieu.sachmem.vn/folder/0"): Navigate to 'https://hoclieu.sachmem.vn/folder/0' successfully

2019-04-10 13:51:34 - [MESSAGE][PASSED] - Navigate to 'https://hoclieu.sachmem.vn/folder/0' successfully

2019-04-10 13:51:34 - [TEST_STEP][PASSED] - delay(1): Delayed 1 second(s)

2019-04-10 13:51:35 - [MESSAGE][PASSED] - Delayed 1 second(s)

2019-04-10 13:51:35 - [TEST_STEP][PASSED] - click(findTestObject("Login/Page_Hc liu - Sch Mm/a_ng nhp")): Object: 'Object Repository/Login/Page_Hc liu - Sch Mm/a_ng nhp' is clicked on

2019-04-10 13:51:37 - [MESSAGE][PASSED] - Object: 'Object Repository/Login/Page_Hc liu - Sch Mm/a_ng nhp' is clicked on

2019-04-10 13:51:37 - [TEST_STEP][PASSED] - setText(findTestObject("Object Repository/Login/Page_ng nhp  Sch Mm/input_a ch email_useremail"), "hwngvux98@gmail.com"): Text 'hwngvux98@gmail.com' is set on object 'Object Repository/Login/Page_ng nhp  Sch Mm/input_a ch email_useremail'

2019-04-10 13:51:37 - [MESSAGE][PASSED] - Text 'hwngvux98@gmail.com' is set on object 'Object Repository/Login/Page_ng nhp  Sch Mm/input_a ch email_useremail'

2019-04-10 13:51:37 - [TEST_STEP][PASSED] - setEncryptedText(findTestObject("Object Repository/Login/Page_ng nhp  Sch Mm/input_Mt khu_userpassword"), "EjEDdN6o7pTQoul/MO4YbQ=="): Text ****** has been set on object 'Object Repository/Login/Page_ng nhp  Sch Mm/input_Mt khu_userpassword'

2019-04-10 13:51:37 - [MESSAGE][PASSED] - Text ****** has been set on object 'Object Repository/Login/Page_ng nhp  Sch Mm/input_Mt khu_userpassword'

2019-04-10 13:51:37 - [TEST_STEP][PASSED] - click(findTestObject("Object Repository/Login/Page_ng nhp  Sch Mm/input_Qun mt khu_commit")): Object: 'Object Repository/Login/Page_ng nhp  Sch Mm/input_Qun mt khu_commit' is clicked on

2019-04-10 13:51:39 - [MESSAGE][PASSED] - Object: 'Object Repository/Login/Page_ng nhp  Sch Mm/input_Qun mt khu_commit' is clicked on

2019-04-10 13:51:39 - [TEST_STEP][PASSED] - click(findTestObject("Login/Page_Hc liu - Sch Mm/a_Lp hc ca ti")): Object: 'Object Repository/Login/Page_Hc liu - Sch Mm/a_Lp hc ca ti' is clicked on

2019-04-10 13:51:40 - [MESSAGE][PASSED] - Object: 'Object Repository/Login/Page_Hc liu - Sch Mm/a_Lp hc ca ti' is clicked on

2019-04-10 13:51:40 - [TEST_STEP][PASSED] - delay(3): Delayed 3 second(s)

2019-04-10 13:51:43 - [MESSAGE][PASSED] - Delayed 3 second(s)

2019-04-10 13:51:43 - [TEST_STEP][PASSED] - click(findTestObject("Login/Page_Hc liu - Sch Mm/a_Thm")): Object: 'Object Repository/Login/Page_Hc liu - Sch Mm/a_Thm' is clicked on

2019-04-10 13:51:43 - [MESSAGE][PASSED] - Object: 'Object Repository/Login/Page_Hc liu - Sch Mm/a_Thm' is clicked on

2019-04-10 13:51:43 - [TEST_STEP][PASSED] - delay(1): Delayed 1 second(s)

2019-04-10 13:51:44 - [MESSAGE][PASSED] - Delayed 1 second(s)

2019-04-10 13:51:44 - [TEST_STEP][PASSED] - click(findTestObject("Login/Page_Hc liu - Sch Mm/button_X")): Object: 'Object Repository/Login/Page_Hc liu - Sch Mm/button_X' is clicked on

2019-04-10 13:51:44 - [MESSAGE][PASSED] - Object: 'Object Repository/Login/Page_Hc liu - Sch Mm/button_X' is clicked on

2019-04-10 13:51:44 - [TEST_STEP][PASSED] - waitForElementNotVisible(findTestObject("CreateClass/CreateClassMenu"), 3): Object 'Object Repository/CreateClass/CreateClassMenu' is NOT visible

2019-04-10 13:51:44 - [MESSAGE][PASSED] - Object 'Object Repository/CreateClass/CreateClassMenu' is NOT visible]]></system-out>
         <system-err><![CDATA[]]></system-err>
      </testcase>
      <system-out><![CDATA[2019-04-10 13:49:03 - [TEST_SUITE][PASSED] - Func_CreateClass: Test Cases/Func_CreateClass/Validate_Button/Button_X]]></system-out>
      <system-err><![CDATA[]]></system-err>
   </testsuite>
</testsuites>
